2026-04-26 14:16:24.486 +07:00 [INF] Now listening on: https://localhost:7251
2026-04-26 14:16:24.518 +07:00 [INF] Now listening on: http://localhost:5255
2026-04-26 14:16:24.556 +07:00 [INF] Application started. Press Ctrl+C to shut down.
2026-04-26 14:16:24.557 +07:00 [INF] Hosting environment: Development
2026-04-26 14:16:24.558 +07:00 [INF] Content root path: D:\souce\ketsat\server\Api
2026-04-26 14:16:33.240 +07:00 [FTL] Ứng dụng API dừng bất thường.
Microsoft.Extensions.Hosting.HostAbortedException: The host was aborted.
   at Microsoft.Extensions.Hosting.HostFactoryResolver.HostingListener.ThrowHostAborted()
   at Microsoft.Extensions.Hosting.HostFactoryResolver.HostingListener.OnNext(KeyValuePair`2 value)
   at System.Diagnostics.DiagnosticListener.Write(String name, Object value)
   at Microsoft.Extensions.Hosting.HostBuilder.ResolveHost(IServiceProvider serviceProvider, DiagnosticListener diagnosticListener)
   at Microsoft.Extensions.Hosting.HostApplicationBuilder.Build()
   at Microsoft.AspNetCore.Builder.WebApplicationBuilder.Build()
   at Program.<Main>$(String[] args) in D:\souce\ketsat\server\Api\Program.cs:line 100
2026-04-26 14:18:10.855 +07:00 [INF] Now listening on: https://localhost:7251
2026-04-26 14:18:10.889 +07:00 [INF] Now listening on: http://localhost:5255
2026-04-26 14:18:10.938 +07:00 [INF] Application started. Press Ctrl+C to shut down.
2026-04-26 14:18:10.939 +07:00 [INF] Hosting environment: Development
2026-04-26 14:18:10.940 +07:00 [INF] Content root path: D:\souce\ketsat\server\Api
2026-04-26 14:18:40.632 +07:00 [FTL] Ứng dụng API dừng bất thường.
Microsoft.Extensions.Hosting.HostAbortedException: The host was aborted.
   at Microsoft.Extensions.Hosting.HostFactoryResolver.HostingListener.ThrowHostAborted()
   at Microsoft.Extensions.Hosting.HostFactoryResolver.HostingListener.OnNext(KeyValuePair`2 value)
   at System.Diagnostics.DiagnosticListener.Write(String name, Object value)
   at Microsoft.Extensions.Hosting.HostBuilder.ResolveHost(IServiceProvider serviceProvider, DiagnosticListener diagnosticListener)
   at Microsoft.Extensions.Hosting.HostApplicationBuilder.Build()
   at Microsoft.AspNetCore.Builder.WebApplicationBuilder.Build()
   at Program.<Main>$(String[] args) in D:\souce\ketsat\server\Api\Program.cs:line 100
