2026-04-23 20:23:55.090 +07:00 [INF] Now listening on: https://localhost:7251
2026-04-23 20:23:55.133 +07:00 [INF] Now listening on: http://localhost:5255
2026-04-23 20:23:55.181 +07:00 [INF] Application started. Press Ctrl+C to shut down.
2026-04-23 20:23:55.182 +07:00 [INF] Hosting environment: Development
2026-04-23 20:23:55.182 +07:00 [INF] Content root path: D:\souce\ketsat\server\Api
2026-04-23 20:24:42.643 +07:00 [INF] HTTP OPTIONS /api/auth/me responded 204 in 45.2690 ms
2026-04-23 20:24:42.643 +07:00 [INF] HTTP OPTIONS /api/portal/products responded 204 in 45.2648 ms
2026-04-23 20:24:44.530 +07:00 [INF] HTTP GET /api/auth/me responded 401 in 1845.4738 ms
2026-04-23 20:24:46.071 +07:00 [WRN] Entity 'Product' has a global query filter defined and is the required end of a relationship with the entity 'ProductTag'. This may lead to unexpected results when the required entity is filtered out. Either configure the navigation as optional, or define matching query filters for both entities in the navigation. See https://go.microsoft.com/fwlink/?linkid=2131316 for more information.
2026-04-23 20:24:46.074 +07:00 [WRN] Entity 'ProductAttributeValue' has a global query filter defined and is the required end of a relationship with the entity 'ProductVariantAttributeValue'. This may lead to unexpected results when the required entity is filtered out. Either configure the navigation as optional, or define matching query filters for both entities in the navigation. See https://go.microsoft.com/fwlink/?linkid=2131316 for more information.
2026-04-23 20:24:47.122 +07:00 [ERR] An error occurred using the connection to database 'KetSatVietTiep_V2' on server 'DESKTOP-R3J37R7\SQLEXPRESS01'.
2026-04-23 20:24:47.238 +07:00 [ERR] HTTP GET /api/portal/products responded 500 in 4554.4954 ms
System.Threading.Tasks.TaskCanceledException: A task was canceled.
   at Microsoft.EntityFrameworkCore.Storage.RelationalConnection.OpenInternalAsync(Boolean errorsExpected, CancellationToken cancellationToken)
   at Microsoft.EntityFrameworkCore.Storage.RelationalConnection.OpenInternalAsync(Boolean errorsExpected, CancellationToken cancellationToken)
   at Microsoft.EntityFrameworkCore.Storage.RelationalConnection.OpenAsync(CancellationToken cancellationToken, Boolean errorsExpected)
   at Microsoft.EntityFrameworkCore.Storage.RelationalCommand.ExecuteReaderAsync(RelationalCommandParameterObject parameterObject, CancellationToken cancellationToken)
   at Microsoft.EntityFrameworkCore.Query.Internal.SingleQueryingEnumerable`1.AsyncEnumerator.InitializeReaderAsync(AsyncEnumerator enumerator, CancellationToken cancellationToken)
   at Microsoft.EntityFrameworkCore.SqlServer.Storage.Internal.SqlServerExecutionStrategy.ExecuteAsync[TState,TResult](TState state, Func`4 operation, Func`4 verifySucceeded, CancellationToken cancellationToken)
   at Microsoft.EntityFrameworkCore.Query.Internal.SingleQueryingEnumerable`1.AsyncEnumerator.MoveNextAsync()
   at Microsoft.EntityFrameworkCore.EntityFrameworkQueryableExtensions.ToListAsync[TSource](IQueryable`1 source, CancellationToken cancellationToken)
   at Microsoft.EntityFrameworkCore.EntityFrameworkQueryableExtensions.ToListAsync[TSource](IQueryable`1 source, CancellationToken cancellationToken)
   at Repositories.ProductRepository.ProductRepository.GetListAsync(CancellationToken ct) in D:\souce\ketsat\server\Repositories\ProductRepository\ProductRepository.cs:line 13
   at Services.ProductModule.ProductService.GetListAsync(CancellationToken ct) in D:\souce\ketsat\server\Services\ProductModule\ProductService.cs:line 21
   at Api.Controllers.Portal.PortalProductsController.GetList(CancellationToken ct) in D:\souce\ketsat\server\Api\Controllers\Portal\PortalProductsController.cs:line 19
   at Microsoft.AspNetCore.Mvc.Infrastructure.ActionMethodExecutor.TaskOfIActionResultExecutor.Execute(ActionContext actionContext, IActionResultTypeMapper mapper, ObjectMethodExecutor executor, Object controller, Object[] arguments)
   at Microsoft.AspNetCore.Mvc.Infrastructure.ControllerActionInvoker.<InvokeActionMethodAsync>g__Awaited|12_0(ControllerActionInvoker invoker, ValueTask`1 actionResultValueTask)
   at Microsoft.AspNetCore.Mvc.Infrastructure.ControllerActionInvoker.<InvokeNextActionFilterAsync>g__Awaited|10_0(ControllerActionInvoker invoker, Task lastTask, State next, Scope scope, Object state, Boolean isCompleted)
   at Microsoft.AspNetCore.Mvc.Infrastructure.ControllerActionInvoker.Rethrow(ActionExecutedContextSealed context)
   at Microsoft.AspNetCore.Mvc.Infrastructure.ControllerActionInvoker.Next(State& next, Scope& scope, Object& state, Boolean& isCompleted)
   at Microsoft.AspNetCore.Mvc.Infrastructure.ControllerActionInvoker.InvokeInnerFilterAsync()
--- End of stack trace from previous location ---
   at Microsoft.AspNetCore.Mvc.Infrastructure.ResourceInvoker.<InvokeFilterPipelineAsync>g__Awaited|20_0(ResourceInvoker invoker, Task lastTask, State next, Scope scope, Object state, Boolean isCompleted)
   at Microsoft.AspNetCore.Mvc.Infrastructure.ResourceInvoker.<InvokeAsync>g__Awaited|17_0(ResourceInvoker invoker, Task task, IDisposable scope)
   at Microsoft.AspNetCore.Mvc.Infrastructure.ResourceInvoker.<InvokeAsync>g__Awaited|17_0(ResourceInvoker invoker, Task task, IDisposable scope)
   at Microsoft.AspNetCore.Authorization.AuthorizationMiddleware.Invoke(HttpContext context)
   at Microsoft.AspNetCore.Authentication.AuthenticationMiddleware.Invoke(HttpContext context)
   at Serilog.AspNetCore.RequestLoggingMiddleware.Invoke(HttpContext httpContext)
2026-04-23 20:27:31.715 +07:00 [INF] HTTP OPTIONS /api/auth/login responded 204 in 1.1690 ms
2026-04-23 20:27:32.959 +07:00 [INF] HTTP POST /api/auth/login responded 200 in 1231.9260 ms
2026-04-23 20:27:33.493 +07:00 [INF] HTTP OPTIONS /api/auth/me responded 204 in 0.0669 ms
2026-04-23 20:27:33.571 +07:00 [INF] HTTP GET /api/auth/me responded 200 in 73.9685 ms
2026-04-23 20:40:32.469 +07:00 [INF] HTTP OPTIONS /api/auth/me responded 204 in 0.4177 ms
2026-04-23 20:40:32.704 +07:00 [INF] HTTP GET /api/auth/me responded 200 in 212.5977 ms
2026-04-23 20:40:50.777 +07:00 [INF] HTTP OPTIONS /api/portal/products responded 204 in 0.0758 ms
2026-04-23 20:40:50.786 +07:00 [INF] HTTP OPTIONS /api/auth/me responded 204 in 0.1644 ms
2026-04-23 20:40:50.796 +07:00 [INF] HTTP GET /api/auth/me responded 200 in 6.2084 ms
2026-04-23 20:40:50.833 +07:00 [INF] HTTP GET /api/portal/products responded 200 in 44.7333 ms
2026-04-23 20:41:09.682 +07:00 [INF] HTTP OPTIONS /api/portal/products responded 204 in 0.0645 ms
2026-04-23 20:41:09.682 +07:00 [INF] HTTP OPTIONS /api/portal/products responded 204 in 0.7731 ms
2026-04-23 20:41:09.707 +07:00 [INF] HTTP GET /api/portal/products responded 200 in 19.8553 ms
2026-04-23 20:41:09.708 +07:00 [INF] HTTP GET /api/portal/products responded 200 in 11.6463 ms
2026-04-23 20:41:53.396 +07:00 [INF] HTTP OPTIONS /api/portal/products/2e9b9089-6fbd-47a0-9624-0e10640813ac responded 204 in 0.2555 ms
2026-04-23 20:41:53.396 +07:00 [INF] HTTP OPTIONS /api/portal/products/2e9b9089-6fbd-47a0-9624-0e10640813ac responded 204 in 0.0351 ms
2026-04-23 20:41:53.459 +07:00 [INF] HTTP GET /api/portal/products/2e9b9089-6fbd-47a0-9624-0e10640813ac responded 200 in 54.9088 ms
2026-04-23 20:41:53.492 +07:00 [INF] HTTP GET /api/portal/products/2e9b9089-6fbd-47a0-9624-0e10640813ac responded 200 in 31.8807 ms
2026-04-23 20:42:02.587 +07:00 [INF] HTTP OPTIONS /api/portal/products/2e9b9089-6fbd-47a0-9624-0e10640813ac responded 204 in 0.1157 ms
2026-04-23 20:42:02.598 +07:00 [INF] HTTP OPTIONS /api/auth/me responded 204 in 0.0781 ms
2026-04-23 20:42:02.598 +07:00 [INF] HTTP GET /api/portal/products/2e9b9089-6fbd-47a0-9624-0e10640813ac responded 200 in 4.9430 ms
2026-04-23 20:42:02.605 +07:00 [INF] HTTP GET /api/auth/me responded 200 in 3.2559 ms
2026-04-23 20:42:14.720 +07:00 [INF] HTTP OPTIONS /api/admin/products responded 204 in 0.0564 ms
2026-04-23 20:42:14.720 +07:00 [INF] HTTP OPTIONS /api/admin/brands responded 204 in 0.0563 ms
2026-04-23 20:42:14.720 +07:00 [INF] HTTP OPTIONS /api/admin/categories responded 204 in 0.0563 ms
2026-04-23 20:42:14.722 +07:00 [INF] HTTP OPTIONS /api/auth/me responded 204 in 0.0561 ms
2026-04-23 20:42:14.740 +07:00 [INF] HTTP GET /api/auth/me responded 200 in 8.9606 ms
2026-04-23 20:42:14.749 +07:00 [INF] HTTP GET /api/admin/products responded 200 in 14.9792 ms
2026-04-23 20:42:14.769 +07:00 [INF] HTTP GET /api/admin/brands responded 200 in 35.1115 ms
2026-04-23 20:42:14.851 +07:00 [ERR] Lỗi khi lấy danh sách Category
AutoMapper.AutoMapperMappingException: Error mapping types.

Mapping types:
List`1 -> IReadOnlyList`1
System.Collections.Generic.List`1[[Model.Entities.Category, Model, Version=1.0.0.0, Culture=neutral, PublicKeyToken=null]] -> System.Collections.Generic.IReadOnlyList`1[[Services.CategoryModule.CategoryDto, Services, Version=1.0.0.0, Culture=neutral, PublicKeyToken=null]]
 ---> System.ArgumentException: Services.CategoryModule.CategoryDto needs to have a constructor with 0 args or only optional args. Validate your configuration for details. (Parameter 'type')
   at lambda_method348(Closure, Object, IReadOnlyList`1, ResolutionContext)
   --- End of inner exception stack trace ---
   at lambda_method348(Closure, Object, IReadOnlyList`1, ResolutionContext)
   at Services.Common.ServiceBase`4.GetAllAsync(CancellationToken ct)
2026-04-23 20:42:14.923 +07:00 [ERR] Lỗi khi lấy danh sách danh mục
AutoMapper.AutoMapperMappingException: Error mapping types.

Mapping types:
List`1 -> IReadOnlyList`1
System.Collections.Generic.List`1[[Model.Entities.Category, Model, Version=1.0.0.0, Culture=neutral, PublicKeyToken=null]] -> System.Collections.Generic.IReadOnlyList`1[[Services.CategoryModule.CategoryDto, Services, Version=1.0.0.0, Culture=neutral, PublicKeyToken=null]]
 ---> System.ArgumentException: Services.CategoryModule.CategoryDto needs to have a constructor with 0 args or only optional args. Validate your configuration for details. (Parameter 'type')
   at lambda_method348(Closure, Object, IReadOnlyList`1, ResolutionContext)
   --- End of inner exception stack trace ---
   at lambda_method348(Closure, Object, IReadOnlyList`1, ResolutionContext)
   at Services.Common.ServiceBase`4.GetAllAsync(CancellationToken ct)
   at Api.Controllers.Admin.AdminCategoriesController.GetAll(CancellationToken ct) in D:\souce\ketsat\server\Api\Controllers\Admin\AdminCategoriesController.cs:line 27
2026-04-23 20:42:14.928 +07:00 [ERR] HTTP GET /api/admin/categories responded 500 in 193.7125 ms
2026-04-23 20:42:17.895 +07:00 [INF] HTTP OPTIONS /api/admin/products/2e9b9089-6fbd-47a0-9624-0e10640813ac responded 204 in 0.0678 ms
2026-04-23 20:42:17.907 +07:00 [INF] HTTP GET /api/admin/products/2e9b9089-6fbd-47a0-9624-0e10640813ac responded 200 in 7.6299 ms
2026-04-23 20:42:45.265 +07:00 [INF] HTTP OPTIONS /api/admin/upload responded 204 in 0.1489 ms
2026-04-23 20:42:45.325 +07:00 [INF] HTTP POST /api/admin/upload responded 200 in 48.3532 ms
2026-04-23 20:42:45.530 +07:00 [INF] HTTP GET /uploads/e0223612-1652-45bf-91a4-e3e46e452acb.png responded 200 in 28.8894 ms
2026-04-23 20:42:51.287 +07:00 [INF] HTTP OPTIONS /api/admin/upload responded 204 in 0.0524 ms
2026-04-23 20:42:51.313 +07:00 [INF] HTTP POST /api/admin/upload responded 200 in 22.9928 ms
2026-04-23 20:42:51.453 +07:00 [INF] HTTP GET /uploads/77f579ea-fa96-40f2-841e-30c5bac3822a.png responded 200 in 11.5200 ms
2026-04-23 20:42:54.474 +07:00 [INF] HTTP OPTIONS /api/admin/products/2e9b9089-6fbd-47a0-9624-0e10640813ac/update responded 204 in 0.1014 ms
2026-04-23 20:42:54.580 +07:00 [INF] HTTP POST /api/admin/products/2e9b9089-6fbd-47a0-9624-0e10640813ac/update responded 200 in 102.4483 ms
2026-04-23 20:42:54.587 +07:00 [INF] HTTP OPTIONS /api/admin/products responded 204 in 0.0267 ms
2026-04-23 20:42:54.593 +07:00 [INF] HTTP GET /api/admin/products responded 200 in 3.6006 ms
2026-04-23 20:42:57.271 +07:00 [INF] HTTP OPTIONS /api/admin/products/2e9b9089-6fbd-47a0-9624-0e10640813ac responded 204 in 0.0481 ms
2026-04-23 20:42:57.277 +07:00 [INF] HTTP GET /api/admin/products/2e9b9089-6fbd-47a0-9624-0e10640813ac responded 200 in 2.6620 ms
2026-04-23 20:43:09.712 +07:00 [INF] HTTP OPTIONS /api/AppUsers responded 204 in 0.2880 ms
2026-04-23 20:43:09.712 +07:00 [INF] HTTP OPTIONS /api/AppUsers responded 204 in 0.0252 ms
2026-04-23 20:43:09.736 +07:00 [INF] HTTP GET /api/AppUsers responded 200 in 20.3438 ms
2026-04-23 20:43:09.742 +07:00 [INF] HTTP GET /api/AppUsers responded 200 in 3.9294 ms
2026-04-23 20:43:14.911 +07:00 [INF] HTTP OPTIONS /api/AppUsers/033447a8-7299-4bed-9da2-d30f95e4e084/detail responded 204 in 0.0384 ms
2026-04-23 20:43:14.939 +07:00 [INF] HTTP GET /api/AppUsers/033447a8-7299-4bed-9da2-d30f95e4e084/detail responded 200 in 15.8807 ms
2026-04-23 20:43:19.980 +07:00 [INF] HTTP OPTIONS /api/admin/modules responded 204 in 0.0377 ms
2026-04-23 20:43:19.980 +07:00 [INF] HTTP OPTIONS /api/admin/modules responded 204 in 0.0406 ms
2026-04-23 20:43:20.019 +07:00 [INF] HTTP GET /api/admin/modules responded 200 in 30.2892 ms
2026-04-23 20:43:20.026 +07:00 [INF] HTTP GET /api/admin/modules responded 200 in 5.2070 ms
2026-04-23 20:43:23.605 +07:00 [INF] HTTP GET /api/admin/modules responded 200 in 4.3150 ms
2026-04-23 20:43:23.609 +07:00 [INF] HTTP GET /api/admin/modules responded 200 in 2.9205 ms
2026-04-23 20:43:23.659 +07:00 [INF] HTTP OPTIONS /api/admin/operations responded 204 in 0.0270 ms
2026-04-23 20:43:23.686 +07:00 [INF] HTTP GET /api/admin/operations responded 200 in 23.5451 ms
2026-04-23 20:43:24.563 +07:00 [INF] HTTP GET /api/admin/modules responded 200 in 3.2601 ms
2026-04-23 20:43:24.567 +07:00 [INF] HTTP GET /api/admin/modules responded 200 in 2.8205 ms
2026-04-23 20:43:25.640 +07:00 [INF] HTTP OPTIONS /api/admin/modules responded 204 in 0.0334 ms
2026-04-23 20:43:25.641 +07:00 [INF] HTTP OPTIONS /api/admin/modules responded 204 in 0.0362 ms
2026-04-23 20:43:25.647 +07:00 [INF] HTTP GET /api/admin/modules responded 200 in 3.6258 ms
2026-04-23 20:43:25.651 +07:00 [INF] HTTP GET /api/admin/modules responded 200 in 2.5167 ms
2026-04-23 20:43:25.698 +07:00 [INF] HTTP GET /api/admin/operations responded 200 in 4.6714 ms
2026-04-23 20:43:26.740 +07:00 [INF] HTTP OPTIONS /api/admin/roles responded 204 in 0.0398 ms
2026-04-23 20:43:26.740 +07:00 [INF] HTTP OPTIONS /api/admin/roles responded 204 in 0.0272 ms
2026-04-23 20:43:26.757 +07:00 [INF] HTTP GET /api/admin/roles responded 200 in 12.9811 ms
2026-04-23 20:43:26.763 +07:00 [INF] HTTP GET /api/admin/roles responded 200 in 3.7156 ms
2026-04-23 20:43:27.545 +07:00 [INF] HTTP GET /api/admin/modules responded 200 in 2.2959 ms
2026-04-23 20:43:27.548 +07:00 [INF] HTTP GET /api/admin/modules responded 200 in 2.4290 ms
2026-04-23 20:43:27.600 +07:00 [INF] HTTP GET /api/admin/operations responded 200 in 5.2111 ms
2026-04-23 20:43:34.015 +07:00 [INF] HTTP OPTIONS /api/admin/modules responded 204 in 0.3075 ms
2026-04-23 20:43:34.015 +07:00 [INF] HTTP OPTIONS /api/admin/modules responded 204 in 0.0166 ms
2026-04-23 20:43:34.022 +07:00 [INF] HTTP GET /api/admin/modules responded 200 in 3.4790 ms
2026-04-23 20:43:34.026 +07:00 [INF] HTTP GET /api/admin/modules responded 200 in 3.0400 ms
