2026-04-19 15:26:19.649 +07:00 [FTL] Ứng dụng API dừng bất thường.
Microsoft.Extensions.Hosting.HostAbortedException: The host was aborted.
   at Microsoft.Extensions.Hosting.HostFactoryResolver.HostingListener.ThrowHostAborted()
   at Microsoft.Extensions.Hosting.HostFactoryResolver.HostingListener.OnNext(KeyValuePair`2 value)
   at System.Diagnostics.DiagnosticListener.Write(String name, Object value)
   at Microsoft.Extensions.Hosting.HostBuilder.ResolveHost(IServiceProvider serviceProvider, DiagnosticListener diagnosticListener)
   at Microsoft.Extensions.Hosting.HostApplicationBuilder.Build()
   at Microsoft.AspNetCore.Builder.WebApplicationBuilder.Build()
   at Program.<Main>$(String[] args) in D:\souce\ketsat\server\Api\Program.cs:line 98
2026-04-19 15:26:42.055 +07:00 [FTL] Ứng dụng API dừng bất thường.
Microsoft.Extensions.Hosting.HostAbortedException: The host was aborted.
   at Microsoft.Extensions.Hosting.HostFactoryResolver.HostingListener.ThrowHostAborted()
   at Microsoft.Extensions.Hosting.HostFactoryResolver.HostingListener.OnNext(KeyValuePair`2 value)
   at System.Diagnostics.DiagnosticListener.Write(String name, Object value)
   at Microsoft.Extensions.Hosting.HostBuilder.ResolveHost(IServiceProvider serviceProvider, DiagnosticListener diagnosticListener)
   at Microsoft.Extensions.Hosting.HostApplicationBuilder.Build()
   at Microsoft.AspNetCore.Builder.WebApplicationBuilder.Build()
   at Program.<Main>$(String[] args) in D:\souce\ketsat\server\Api\Program.cs:line 98
2026-04-19 15:27:26.166 +07:00 [FTL] Ứng dụng API dừng bất thường.
Microsoft.Extensions.Hosting.HostAbortedException: The host was aborted.
   at Microsoft.Extensions.Hosting.HostFactoryResolver.HostingListener.ThrowHostAborted()
   at Microsoft.Extensions.Hosting.HostFactoryResolver.HostingListener.OnNext(KeyValuePair`2 value)
   at System.Diagnostics.DiagnosticListener.Write(String name, Object value)
   at Microsoft.Extensions.Hosting.HostBuilder.ResolveHost(IServiceProvider serviceProvider, DiagnosticListener diagnosticListener)
   at Microsoft.Extensions.Hosting.HostApplicationBuilder.Build()
   at Microsoft.AspNetCore.Builder.WebApplicationBuilder.Build()
   at Program.<Main>$(String[] args) in D:\souce\ketsat\server\Api\Program.cs:line 98
2026-04-19 15:30:45.061 +07:00 [FTL] Ứng dụng API dừng bất thường.
Microsoft.Extensions.Hosting.HostAbortedException: The host was aborted.
   at Microsoft.Extensions.Hosting.HostFactoryResolver.HostingListener.ThrowHostAborted()
   at Microsoft.Extensions.Hosting.HostFactoryResolver.HostingListener.OnNext(KeyValuePair`2 value)
   at System.Diagnostics.DiagnosticListener.Write(String name, Object value)
   at Microsoft.Extensions.Hosting.HostBuilder.ResolveHost(IServiceProvider serviceProvider, DiagnosticListener diagnosticListener)
   at Microsoft.Extensions.Hosting.HostApplicationBuilder.Build()
   at Microsoft.AspNetCore.Builder.WebApplicationBuilder.Build()
   at Program.<Main>$(String[] args) in D:\souce\ketsat\server\Api\Program.cs:line 98
2026-04-19 15:30:53.535 +07:00 [FTL] Ứng dụng API dừng bất thường.
Microsoft.Extensions.Hosting.HostAbortedException: The host was aborted.
   at Microsoft.Extensions.Hosting.HostFactoryResolver.HostingListener.ThrowHostAborted()
   at Microsoft.Extensions.Hosting.HostFactoryResolver.HostingListener.OnNext(KeyValuePair`2 value)
   at System.Diagnostics.DiagnosticListener.Write(String name, Object value)
   at Microsoft.Extensions.Hosting.HostBuilder.ResolveHost(IServiceProvider serviceProvider, DiagnosticListener diagnosticListener)
   at Microsoft.Extensions.Hosting.HostApplicationBuilder.Build()
   at Microsoft.AspNetCore.Builder.WebApplicationBuilder.Build()
   at Program.<Main>$(String[] args) in D:\souce\ketsat\server\Api\Program.cs:line 98
2026-04-19 15:31:05.400 +07:00 [INF] Now listening on: https://localhost:7251
2026-04-19 15:31:05.433 +07:00 [INF] Now listening on: http://localhost:5255
2026-04-19 15:31:05.485 +07:00 [INF] Application started. Press Ctrl+C to shut down.
2026-04-19 15:31:05.486 +07:00 [INF] Hosting environment: Development
2026-04-19 15:31:05.487 +07:00 [INF] Content root path: D:\souce\ketsat\server\Api
2026-04-19 15:46:40.874 +07:00 [INF] Now listening on: https://localhost:7251
2026-04-19 15:46:40.969 +07:00 [INF] Now listening on: http://localhost:5255
2026-04-19 15:46:41.073 +07:00 [INF] Application started. Press Ctrl+C to shut down.
2026-04-19 15:46:41.075 +07:00 [INF] Hosting environment: Development
2026-04-19 15:46:41.077 +07:00 [INF] Content root path: D:\souce\ketsat\server\Api
2026-04-19 15:48:45.685 +07:00 [INF] HTTP OPTIONS /api/admin/brands responded 307 in 2.3474 ms
2026-04-19 15:48:45.685 +07:00 [INF] HTTP OPTIONS /api/admin/products responded 307 in 2.3376 ms
2026-04-19 15:48:45.685 +07:00 [INF] HTTP OPTIONS /api/admin/categories responded 307 in 2.4503 ms
2026-04-19 15:49:05.342 +07:00 [INF] HTTP OPTIONS /api/admin/categories responded 307 in 0.1026 ms
2026-04-19 15:49:05.342 +07:00 [INF] HTTP OPTIONS /api/admin/products responded 307 in 0.1065 ms
2026-04-19 15:49:05.342 +07:00 [INF] HTTP OPTIONS /api/admin/brands responded 307 in 0.1021 ms
2026-04-19 15:49:14.657 +07:00 [INF] HTTP OPTIONS /api/admin/categories responded 307 in 0.0547 ms
2026-04-19 15:49:14.667 +07:00 [INF] HTTP OPTIONS /api/admin/brands responded 307 in 0.0405 ms
2026-04-19 15:49:14.671 +07:00 [INF] HTTP OPTIONS /api/admin/products responded 307 in 0.0768 ms
2026-04-19 15:54:20.310 +07:00 [INF] HTTP GET /api/admin/products responded 401 in 1308.9575 ms
2026-04-19 15:54:22.852 +07:00 [INF] HTTP GET /api/admin/products responded 401 in 2.8659 ms
2026-04-19 15:54:24.173 +07:00 [INF] HTTP GET /api/admin/products responded 401 in 1.4965 ms
2026-04-19 15:54:24.328 +07:00 [INF] HTTP GET /api/admin/products responded 401 in 0.1294 ms
2026-04-19 15:54:24.692 +07:00 [INF] HTTP GET /api/admin/products responded 401 in 0.1245 ms
2026-04-19 15:54:24.871 +07:00 [INF] HTTP GET /api/admin/products responded 401 in 0.1271 ms
2026-04-19 15:55:05.517 +07:00 [INF] HTTP OPTIONS /api/admin/modules responded 307 in 1.9351 ms
2026-04-19 15:55:05.518 +07:00 [INF] HTTP OPTIONS /api/admin/modules responded 307 in 0.9391 ms
2026-04-19 15:55:08.627 +07:00 [INF] HTTP OPTIONS /api/AppUsers responded 307 in 0.0284 ms
2026-04-19 15:55:08.627 +07:00 [INF] HTTP OPTIONS /api/AppUsers responded 307 in 0.0163 ms
2026-04-19 15:55:08.769 +07:00 [INF] HTTP OPTIONS /api/admin/roles responded 307 in 0.0309 ms
2026-04-19 15:55:08.769 +07:00 [INF] HTTP OPTIONS /api/admin/roles responded 307 in 0.0121 ms
2026-04-19 15:55:09.236 +07:00 [INF] HTTP OPTIONS /api/admin/modules responded 307 in 0.0275 ms
2026-04-19 15:55:09.236 +07:00 [INF] HTTP OPTIONS /api/admin/modules responded 307 in 0.0118 ms
2026-04-19 15:55:09.732 +07:00 [INF] HTTP OPTIONS /api/admin/modules responded 307 in 0.0228 ms
2026-04-19 15:55:09.732 +07:00 [INF] HTTP OPTIONS /api/admin/modules responded 307 in 0.0227 ms
2026-04-19 15:55:11.199 +07:00 [INF] HTTP OPTIONS /api/admin/categories responded 307 in 0.0311 ms
2026-04-19 15:55:11.200 +07:00 [INF] HTTP OPTIONS /api/admin/brands responded 307 in 0.0176 ms
2026-04-19 15:55:11.212 +07:00 [INF] HTTP OPTIONS /api/admin/products responded 307 in 0.0883 ms
2026-04-19 15:55:11.205 +07:00 [INF] HTTP OPTIONS /api/admin/products responded 307 in 0.0319 ms
2026-04-19 15:55:11.207 +07:00 [INF] HTTP OPTIONS /api/admin/brands responded 307 in 0.0115 ms
2026-04-19 15:55:11.207 +07:00 [INF] HTTP OPTIONS /api/admin/categories responded 307 in 0.0248 ms
2026-04-19 15:55:20.557 +07:00 [INF] HTTP OPTIONS /api/admin/brands responded 307 in 0.0513 ms
2026-04-19 15:55:20.557 +07:00 [INF] HTTP OPTIONS /api/admin/categories responded 307 in 0.0515 ms
2026-04-19 15:55:20.558 +07:00 [INF] HTTP OPTIONS /api/admin/products responded 307 in 0.0362 ms
2026-04-19 16:00:59.748 +07:00 [INF] Now listening on: https://localhost:7251
2026-04-19 16:00:59.779 +07:00 [INF] Now listening on: http://localhost:5255
2026-04-19 16:00:59.829 +07:00 [INF] Application started. Press Ctrl+C to shut down.
2026-04-19 16:00:59.830 +07:00 [INF] Hosting environment: Development
2026-04-19 16:00:59.831 +07:00 [INF] Content root path: D:\souce\ketsat\server\Api
2026-04-19 16:01:31.286 +07:00 [INF] HTTP OPTIONS /api/admin/categories responded 204 in 2.3018 ms
2026-04-19 16:01:31.396 +07:00 [INF] HTTP GET /api/admin/categories responded 401 in 91.3942 ms
2026-04-19 16:01:32.788 +07:00 [INF] HTTP GET /api/admin/categories responded 401 in 5.4896 ms
2026-04-19 16:01:42.904 +07:00 [INF] HTTP OPTIONS /api/admin/categories responded 204 in 0.2788 ms
2026-04-19 16:01:42.910 +07:00 [INF] HTTP GET /api/admin/categories responded 401 in 2.8070 ms
2026-04-19 16:01:45.351 +07:00 [INF] HTTP OPTIONS /api/auth/login responded 204 in 0.1062 ms
2026-04-19 16:01:46.570 +07:00 [WRN] Entity 'Product' has a global query filter defined and is the required end of a relationship with the entity 'ProductTag'. This may lead to unexpected results when the required entity is filtered out. Either configure the navigation as optional, or define matching query filters for both entities in the navigation. See https://go.microsoft.com/fwlink/?linkid=2131316 for more information.
2026-04-19 16:01:46.572 +07:00 [WRN] Entity 'ProductAttributeValue' has a global query filter defined and is the required end of a relationship with the entity 'ProductVariantAttributeValue'. This may lead to unexpected results when the required entity is filtered out. Either configure the navigation as optional, or define matching query filters for both entities in the navigation. See https://go.microsoft.com/fwlink/?linkid=2131316 for more information.
2026-04-19 16:02:00.468 +07:00 [ERR] An error occurred using the connection to database 'KetSatVietTiep' on server 'DESKTOP-R3J37R7\SQLEXPRESS'.
2026-04-19 16:02:00.764 +07:00 [ERR] HTTP POST /api/auth/login responded 500 in 15406.9434 ms
System.Threading.Tasks.TaskCanceledException: A task was canceled.
   at Microsoft.EntityFrameworkCore.Storage.RelationalConnection.OpenInternalAsync(Boolean errorsExpected, CancellationToken cancellationToken)
   at Microsoft.EntityFrameworkCore.Storage.RelationalConnection.OpenInternalAsync(Boolean errorsExpected, CancellationToken cancellationToken)
   at Microsoft.EntityFrameworkCore.Storage.RelationalConnection.OpenAsync(CancellationToken cancellationToken, Boolean errorsExpected)
   at Microsoft.EntityFrameworkCore.Storage.RelationalCommand.ExecuteReaderAsync(RelationalCommandParameterObject parameterObject, CancellationToken cancellationToken)
   at Microsoft.EntityFrameworkCore.Query.Internal.SingleQueryingEnumerable`1.AsyncEnumerator.InitializeReaderAsync(AsyncEnumerator enumerator, CancellationToken cancellationToken)
   at Microsoft.EntityFrameworkCore.SqlServer.Storage.Internal.SqlServerExecutionStrategy.ExecuteAsync[TState,TResult](TState state, Func`4 operation, Func`4 verifySucceeded, CancellationToken cancellationToken)
   at Microsoft.EntityFrameworkCore.Query.Internal.SingleQueryingEnumerable`1.AsyncEnumerator.MoveNextAsync()
   at Microsoft.EntityFrameworkCore.Query.ShapedQueryCompilingExpressionVisitor.SingleOrDefaultAsync[TSource](IAsyncEnumerable`1 asyncEnumerable, CancellationToken cancellationToken)
   at Microsoft.EntityFrameworkCore.Query.ShapedQueryCompilingExpressionVisitor.SingleOrDefaultAsync[TSource](IAsyncEnumerable`1 asyncEnumerable, CancellationToken cancellationToken)
   at Repositories.AppUserRepository.AppUserRepository.GetByUsernameAsync(String username, CancellationToken cancellationToken) in D:\souce\ketsat\server\Repositories\AppUserRepository\AppUserRepository.cs:line 25
   at Services.AppUserModule.AppUserService.GetByLoginAsync(String login, CancellationToken cancellationToken) in D:\souce\ketsat\server\Services\AppUserService\AppUserService.cs:line 125
   at Api.Controllers.Auth.AuthController.Login(LoginRequest body, CancellationToken cancellationToken) in D:\souce\ketsat\server\Api\Controllers\Auth\AuthController.cs:line 45
   at Microsoft.AspNetCore.Mvc.Infrastructure.ActionMethodExecutor.TaskOfIActionResultExecutor.Execute(ActionContext actionContext, IActionResultTypeMapper mapper, ObjectMethodExecutor executor, Object controller, Object[] arguments)
   at Microsoft.AspNetCore.Mvc.Infrastructure.ControllerActionInvoker.<InvokeActionMethodAsync>g__Awaited|12_0(ControllerActionInvoker invoker, ValueTask`1 actionResultValueTask)
   at Microsoft.AspNetCore.Mvc.Infrastructure.ControllerActionInvoker.<InvokeNextActionFilterAsync>g__Awaited|10_0(ControllerActionInvoker invoker, Task lastTask, State next, Scope scope, Object state, Boolean isCompleted)
   at Microsoft.AspNetCore.Mvc.Infrastructure.ControllerActionInvoker.Rethrow(ActionExecutedContextSealed context)
   at Microsoft.AspNetCore.Mvc.Infrastructure.ControllerActionInvoker.Next(State& next, Scope& scope, Object& state, Boolean& isCompleted)
   at Microsoft.AspNetCore.Mvc.Infrastructure.ControllerActionInvoker.<InvokeInnerFilterAsync>g__Awaited|13_0(ControllerActionInvoker invoker, Task lastTask, State next, Scope scope, Object state, Boolean isCompleted)
   at Microsoft.AspNetCore.Mvc.Infrastructure.ResourceInvoker.<InvokeFilterPipelineAsync>g__Awaited|20_0(ResourceInvoker invoker, Task lastTask, State next, Scope scope, Object state, Boolean isCompleted)
   at Microsoft.AspNetCore.Mvc.Infrastructure.ResourceInvoker.<InvokeAsync>g__Awaited|17_0(ResourceInvoker invoker, Task task, IDisposable scope)
   at Microsoft.AspNetCore.Mvc.Infrastructure.ResourceInvoker.<InvokeAsync>g__Awaited|17_0(ResourceInvoker invoker, Task task, IDisposable scope)
   at Microsoft.AspNetCore.Authorization.AuthorizationMiddleware.Invoke(HttpContext context)
   at Microsoft.AspNetCore.Authentication.AuthenticationMiddleware.Invoke(HttpContext context)
   at Serilog.AspNetCore.RequestLoggingMiddleware.Invoke(HttpContext httpContext)
2026-04-19 16:02:05.283 +07:00 [INF] HTTP OPTIONS /api/admin/categories responded 204 in 0.4352 ms
2026-04-19 16:02:05.285 +07:00 [INF] HTTP OPTIONS /api/admin/brands responded 204 in 0.0701 ms
2026-04-19 16:02:05.285 +07:00 [INF] HTTP OPTIONS /api/admin/products responded 204 in 0.0315 ms
2026-04-19 16:02:05.296 +07:00 [INF] HTTP GET /api/admin/categories responded 401 in 3.1433 ms
2026-04-19 16:02:05.302 +07:00 [INF] HTTP GET /api/admin/brands responded 401 in 2.1012 ms
2026-04-19 16:02:05.305 +07:00 [INF] HTTP GET /api/admin/products responded 401 in 0.2896 ms
2026-04-19 16:02:41.698 +07:00 [INF] HTTP OPTIONS /api/auth/register responded 204 in 0.0628 ms
2026-04-19 16:02:55.538 +07:00 [ERR] An error occurred using the connection to database 'KetSatVietTiep' on server 'DESKTOP-R3J37R7\SQLEXPRESS'.
2026-04-19 16:02:55.763 +07:00 [ERR] HTTP POST /api/auth/register responded 500 in 14060.8250 ms
System.Threading.Tasks.TaskCanceledException: A task was canceled.
   at Microsoft.EntityFrameworkCore.Storage.RelationalConnection.OpenInternalAsync(Boolean errorsExpected, CancellationToken cancellationToken)
   at Microsoft.EntityFrameworkCore.Storage.RelationalConnection.OpenInternalAsync(Boolean errorsExpected, CancellationToken cancellationToken)
   at Microsoft.EntityFrameworkCore.Storage.RelationalConnection.OpenAsync(CancellationToken cancellationToken, Boolean errorsExpected)
   at Microsoft.EntityFrameworkCore.Storage.RelationalCommand.ExecuteReaderAsync(RelationalCommandParameterObject parameterObject, CancellationToken cancellationToken)
   at Microsoft.EntityFrameworkCore.Query.Internal.SingleQueryingEnumerable`1.AsyncEnumerator.InitializeReaderAsync(AsyncEnumerator enumerator, CancellationToken cancellationToken)
   at Microsoft.EntityFrameworkCore.SqlServer.Storage.Internal.SqlServerExecutionStrategy.ExecuteAsync[TState,TResult](TState state, Func`4 operation, Func`4 verifySucceeded, CancellationToken cancellationToken)
   at Microsoft.EntityFrameworkCore.Query.Internal.SingleQueryingEnumerable`1.AsyncEnumerator.MoveNextAsync()
   at Microsoft.EntityFrameworkCore.Query.ShapedQueryCompilingExpressionVisitor.SingleOrDefaultAsync[TSource](IAsyncEnumerable`1 asyncEnumerable, CancellationToken cancellationToken)
   at Microsoft.EntityFrameworkCore.Query.ShapedQueryCompilingExpressionVisitor.SingleOrDefaultAsync[TSource](IAsyncEnumerable`1 asyncEnumerable, CancellationToken cancellationToken)
   at Repositories.AppUserRepository.AppUserRepository.GetByEmailAsync(String email, CancellationToken cancellationToken) in D:\souce\ketsat\server\Repositories\AppUserRepository\AppUserRepository.cs:line 18
   at Services.AppUserModule.AppUserService.CreateUserAsync(CreateAppUserRequest request, CancellationToken cancellationToken) in D:\souce\ketsat\server\Services\AppUserService\AppUserService.cs:line 23
   at Api.Controllers.Auth.AuthController.Register(RegisterRequest body, CancellationToken cancellationToken) in D:\souce\ketsat\server\Api\Controllers\Auth\AuthController.cs:line 92
   at Microsoft.AspNetCore.Mvc.Infrastructure.ActionMethodExecutor.TaskOfIActionResultExecutor.Execute(ActionContext actionContext, IActionResultTypeMapper mapper, ObjectMethodExecutor executor, Object controller, Object[] arguments)
   at Microsoft.AspNetCore.Mvc.Infrastructure.ControllerActionInvoker.<InvokeActionMethodAsync>g__Awaited|12_0(ControllerActionInvoker invoker, ValueTask`1 actionResultValueTask)
   at Microsoft.AspNetCore.Mvc.Infrastructure.ControllerActionInvoker.<InvokeNextActionFilterAsync>g__Awaited|10_0(ControllerActionInvoker invoker, Task lastTask, State next, Scope scope, Object state, Boolean isCompleted)
   at Microsoft.AspNetCore.Mvc.Infrastructure.ControllerActionInvoker.Rethrow(ActionExecutedContextSealed context)
   at Microsoft.AspNetCore.Mvc.Infrastructure.ControllerActionInvoker.Next(State& next, Scope& scope, Object& state, Boolean& isCompleted)
   at Microsoft.AspNetCore.Mvc.Infrastructure.ControllerActionInvoker.<InvokeInnerFilterAsync>g__Awaited|13_0(ControllerActionInvoker invoker, Task lastTask, State next, Scope scope, Object state, Boolean isCompleted)
   at Microsoft.AspNetCore.Mvc.Infrastructure.ResourceInvoker.<InvokeFilterPipelineAsync>g__Awaited|20_0(ResourceInvoker invoker, Task lastTask, State next, Scope scope, Object state, Boolean isCompleted)
   at Microsoft.AspNetCore.Mvc.Infrastructure.ResourceInvoker.<InvokeAsync>g__Awaited|17_0(ResourceInvoker invoker, Task task, IDisposable scope)
   at Microsoft.AspNetCore.Mvc.Infrastructure.ResourceInvoker.<InvokeAsync>g__Awaited|17_0(ResourceInvoker invoker, Task task, IDisposable scope)
   at Microsoft.AspNetCore.Authorization.AuthorizationMiddleware.Invoke(HttpContext context)
   at Microsoft.AspNetCore.Authentication.AuthenticationMiddleware.Invoke(HttpContext context)
   at Serilog.AspNetCore.RequestLoggingMiddleware.Invoke(HttpContext httpContext)
2026-04-19 16:03:16.691 +07:00 [INF] HTTP OPTIONS /api/auth/register responded 204 in 0.0528 ms
2026-04-19 16:03:31.371 +07:00 [ERR] An error occurred using the connection to database 'KetSatVietTiep' on server 'DESKTOP-R3J37R7\SQLEXPRESS'.
2026-04-19 16:03:31.381 +07:00 [ERR] An exception occurred while iterating over the results of a query for context type 'Model.Persistence.AppDbContext'.
Microsoft.Data.SqlClient.SqlException (0x80131904): A network-related or instance-specific error occurred while establishing a connection to SQL Server. The server was not found or was not accessible. Verify that the instance name is correct and that SQL Server is configured to allow remote connections. (provider: SQL Network Interfaces, error: 26 - Error Locating Server/Instance Specified)
   at Microsoft.Data.SqlClient.SqlInternalConnection.OnError(SqlException exception, Boolean breakConnection, Action`1 wrapCloseInAction)
   at Microsoft.Data.SqlClient.TdsParser.ThrowExceptionAndWarning(TdsParserStateObject stateObj, Boolean callerHasConnectionLock, Boolean asyncClose)
   at Microsoft.Data.SqlClient.TdsParser.Connect(ServerInfo serverInfo, SqlInternalConnectionTds connHandler, Boolean ignoreSniOpenTimeout, Int64 timerExpire, SqlConnectionString connectionOptions, Boolean withFailover)
   at Microsoft.Data.SqlClient.SqlInternalConnectionTds.AttemptOneLogin(ServerInfo serverInfo, String newPassword, SecureString newSecurePassword, Boolean ignoreSniOpenTimeout, TimeoutTimer timeout, Boolean withFailover)
   at Microsoft.Data.SqlClient.SqlInternalConnectionTds.LoginNoFailover(ServerInfo serverInfo, String newPassword, SecureString newSecurePassword, Boolean redirectedUserInstance, SqlConnectionString connectionOptions, SqlCredential credential, TimeoutTimer timeout)
   at Microsoft.Data.SqlClient.SqlInternalConnectionTds.OpenLoginEnlist(TimeoutTimer timeout, SqlConnectionString connectionOptions, SqlCredential credential, String newPassword, SecureString newSecurePassword, Boolean redirectedUserInstance)
   at Microsoft.Data.SqlClient.SqlInternalConnectionTds..ctor(DbConnectionPoolIdentity identity, SqlConnectionString connectionOptions, SqlCredential credential, Object providerInfo, String newPassword, SecureString newSecurePassword, Boolean redirectedUserInstance, SqlConnectionString userConnectionOptions, SessionData reconnectSessionData, Boolean applyTransientFaultHandling, String accessToken, DbConnectionPool pool)
   at Microsoft.Data.SqlClient.SqlConnectionFactory.CreateConnection(DbConnectionOptions options, DbConnectionPoolKey poolKey, Object poolGroupProviderInfo, DbConnectionPool pool, DbConnection owningConnection, DbConnectionOptions userOptions)
   at Microsoft.Data.ProviderBase.DbConnectionFactory.CreatePooledConnection(DbConnectionPool pool, DbConnection owningObject, DbConnectionOptions options, DbConnectionPoolKey poolKey, DbConnectionOptions userOptions)
   at Microsoft.Data.ProviderBase.DbConnectionPool.CreateObject(DbConnection owningObject, DbConnectionOptions userOptions, DbConnectionInternal oldConnection)
   at Microsoft.Data.ProviderBase.DbConnectionPool.UserCreateRequest(DbConnection owningObject, DbConnectionOptions userOptions, DbConnectionInternal oldConnection)
   at Microsoft.Data.ProviderBase.DbConnectionPool.TryGetConnection(DbConnection owningObject, UInt32 waitForMultipleObjectsTimeout, Boolean allowCreate, Boolean onlyOneCheckConnection, DbConnectionOptions userOptions, DbConnectionInternal& connection)
   at Microsoft.Data.ProviderBase.DbConnectionPool.WaitForPendingOpen()
--- End of stack trace from previous location ---
   at Microsoft.EntityFrameworkCore.Storage.RelationalConnection.OpenInternalAsync(Boolean errorsExpected, CancellationToken cancellationToken)
   at Microsoft.EntityFrameworkCore.Storage.RelationalConnection.OpenInternalAsync(Boolean errorsExpected, CancellationToken cancellationToken)
   at Microsoft.EntityFrameworkCore.Storage.RelationalConnection.OpenAsync(CancellationToken cancellationToken, Boolean errorsExpected)
   at Microsoft.EntityFrameworkCore.Storage.RelationalCommand.ExecuteReaderAsync(RelationalCommandParameterObject parameterObject, CancellationToken cancellationToken)
   at Microsoft.EntityFrameworkCore.Query.Internal.SingleQueryingEnumerable`1.AsyncEnumerator.InitializeReaderAsync(AsyncEnumerator enumerator, CancellationToken cancellationToken)
   at Microsoft.EntityFrameworkCore.SqlServer.Storage.Internal.SqlServerExecutionStrategy.ExecuteAsync[TState,TResult](TState state, Func`4 operation, Func`4 verifySucceeded, CancellationToken cancellationToken)
   at Microsoft.EntityFrameworkCore.Query.Internal.SingleQueryingEnumerable`1.AsyncEnumerator.MoveNextAsync()
ClientConnectionId:00000000-0000-0000-0000-000000000000
Error Number:-1,State:0,Class:20
Microsoft.Data.SqlClient.SqlException (0x80131904): A network-related or instance-specific error occurred while establishing a connection to SQL Server. The server was not found or was not accessible. Verify that the instance name is correct and that SQL Server is configured to allow remote connections. (provider: SQL Network Interfaces, error: 26 - Error Locating Server/Instance Specified)
   at Microsoft.Data.SqlClient.SqlInternalConnection.OnError(SqlException exception, Boolean breakConnection, Action`1 wrapCloseInAction)
   at Microsoft.Data.SqlClient.TdsParser.ThrowExceptionAndWarning(TdsParserStateObject stateObj, Boolean callerHasConnectionLock, Boolean asyncClose)
   at Microsoft.Data.SqlClient.TdsParser.Connect(ServerInfo serverInfo, SqlInternalConnectionTds connHandler, Boolean ignoreSniOpenTimeout, Int64 timerExpire, SqlConnectionString connectionOptions, Boolean withFailover)
   at Microsoft.Data.SqlClient.SqlInternalConnectionTds.AttemptOneLogin(ServerInfo serverInfo, String newPassword, SecureString newSecurePassword, Boolean ignoreSniOpenTimeout, TimeoutTimer timeout, Boolean withFailover)
   at Microsoft.Data.SqlClient.SqlInternalConnectionTds.LoginNoFailover(ServerInfo serverInfo, String newPassword, SecureString newSecurePassword, Boolean redirectedUserInstance, SqlConnectionString connectionOptions, SqlCredential credential, TimeoutTimer timeout)
   at Microsoft.Data.SqlClient.SqlInternalConnectionTds.OpenLoginEnlist(TimeoutTimer timeout, SqlConnectionString connectionOptions, SqlCredential credential, String newPassword, SecureString newSecurePassword, Boolean redirectedUserInstance)
   at Microsoft.Data.SqlClient.SqlInternalConnectionTds..ctor(DbConnectionPoolIdentity identity, SqlConnectionString connectionOptions, SqlCredential credential, Object providerInfo, String newPassword, SecureString newSecurePassword, Boolean redirectedUserInstance, SqlConnectionString userConnectionOptions, SessionData reconnectSessionData, Boolean applyTransientFaultHandling, String accessToken, DbConnectionPool pool)
   at Microsoft.Data.SqlClient.SqlConnectionFactory.CreateConnection(DbConnectionOptions options, DbConnectionPoolKey poolKey, Object poolGroupProviderInfo, DbConnectionPool pool, DbConnection owningConnection, DbConnectionOptions userOptions)
   at Microsoft.Data.ProviderBase.DbConnectionFactory.CreatePooledConnection(DbConnectionPool pool, DbConnection owningObject, DbConnectionOptions options, DbConnectionPoolKey poolKey, DbConnectionOptions userOptions)
   at Microsoft.Data.ProviderBase.DbConnectionPool.CreateObject(DbConnection owningObject, DbConnectionOptions userOptions, DbConnectionInternal oldConnection)
   at Microsoft.Data.ProviderBase.DbConnectionPool.UserCreateRequest(DbConnection owningObject, DbConnectionOptions userOptions, DbConnectionInternal oldConnection)
   at Microsoft.Data.ProviderBase.DbConnectionPool.TryGetConnection(DbConnection owningObject, UInt32 waitForMultipleObjectsTimeout, Boolean allowCreate, Boolean onlyOneCheckConnection, DbConnectionOptions userOptions, DbConnectionInternal& connection)
   at Microsoft.Data.ProviderBase.DbConnectionPool.WaitForPendingOpen()
--- End of stack trace from previous location ---
   at Microsoft.EntityFrameworkCore.Storage.RelationalConnection.OpenInternalAsync(Boolean errorsExpected, CancellationToken cancellationToken)
   at Microsoft.EntityFrameworkCore.Storage.RelationalConnection.OpenInternalAsync(Boolean errorsExpected, CancellationToken cancellationToken)
   at Microsoft.EntityFrameworkCore.Storage.RelationalConnection.OpenAsync(CancellationToken cancellationToken, Boolean errorsExpected)
   at Microsoft.EntityFrameworkCore.Storage.RelationalCommand.ExecuteReaderAsync(RelationalCommandParameterObject parameterObject, CancellationToken cancellationToken)
   at Microsoft.EntityFrameworkCore.Query.Internal.SingleQueryingEnumerable`1.AsyncEnumerator.InitializeReaderAsync(AsyncEnumerator enumerator, CancellationToken cancellationToken)
   at Microsoft.EntityFrameworkCore.SqlServer.Storage.Internal.SqlServerExecutionStrategy.ExecuteAsync[TState,TResult](TState state, Func`4 operation, Func`4 verifySucceeded, CancellationToken cancellationToken)
   at Microsoft.EntityFrameworkCore.Query.Internal.SingleQueryingEnumerable`1.AsyncEnumerator.MoveNextAsync()
ClientConnectionId:00000000-0000-0000-0000-000000000000
Error Number:-1,State:0,Class:20
2026-04-19 16:03:31.486 +07:00 [ERR] HTTP POST /api/auth/register responded 500 in 14791.8991 ms
Microsoft.Data.SqlClient.SqlException (0x80131904): A network-related or instance-specific error occurred while establishing a connection to SQL Server. The server was not found or was not accessible. Verify that the instance name is correct and that SQL Server is configured to allow remote connections. (provider: SQL Network Interfaces, error: 26 - Error Locating Server/Instance Specified)
   at Microsoft.Data.SqlClient.SqlInternalConnection.OnError(SqlException exception, Boolean breakConnection, Action`1 wrapCloseInAction)
   at Microsoft.Data.SqlClient.TdsParser.ThrowExceptionAndWarning(TdsParserStateObject stateObj, Boolean callerHasConnectionLock, Boolean asyncClose)
   at Microsoft.Data.SqlClient.TdsParser.Connect(ServerInfo serverInfo, SqlInternalConnectionTds connHandler, Boolean ignoreSniOpenTimeout, Int64 timerExpire, SqlConnectionString connectionOptions, Boolean withFailover)
   at Microsoft.Data.SqlClient.SqlInternalConnectionTds.AttemptOneLogin(ServerInfo serverInfo, String newPassword, SecureString newSecurePassword, Boolean ignoreSniOpenTimeout, TimeoutTimer timeout, Boolean withFailover)
   at Microsoft.Data.SqlClient.SqlInternalConnectionTds.LoginNoFailover(ServerInfo serverInfo, String newPassword, SecureString newSecurePassword, Boolean redirectedUserInstance, SqlConnectionString connectionOptions, SqlCredential credential, TimeoutTimer timeout)
   at Microsoft.Data.SqlClient.SqlInternalConnectionTds.OpenLoginEnlist(TimeoutTimer timeout, SqlConnectionString connectionOptions, SqlCredential credential, String newPassword, SecureString newSecurePassword, Boolean redirectedUserInstance)
   at Microsoft.Data.SqlClient.SqlInternalConnectionTds..ctor(DbConnectionPoolIdentity identity, SqlConnectionString connectionOptions, SqlCredential credential, Object providerInfo, String newPassword, SecureString newSecurePassword, Boolean redirectedUserInstance, SqlConnectionString userConnectionOptions, SessionData reconnectSessionData, Boolean applyTransientFaultHandling, String accessToken, DbConnectionPool pool)
   at Microsoft.Data.SqlClient.SqlConnectionFactory.CreateConnection(DbConnectionOptions options, DbConnectionPoolKey poolKey, Object poolGroupProviderInfo, DbConnectionPool pool, DbConnection owningConnection, DbConnectionOptions userOptions)
   at Microsoft.Data.ProviderBase.DbConnectionFactory.CreatePooledConnection(DbConnectionPool pool, DbConnection owningObject, DbConnectionOptions options, DbConnectionPoolKey poolKey, DbConnectionOptions userOptions)
   at Microsoft.Data.ProviderBase.DbConnectionPool.CreateObject(DbConnection owningObject, DbConnectionOptions userOptions, DbConnectionInternal oldConnection)
   at Microsoft.Data.ProviderBase.DbConnectionPool.UserCreateRequest(DbConnection owningObject, DbConnectionOptions userOptions, DbConnectionInternal oldConnection)
   at Microsoft.Data.ProviderBase.DbConnectionPool.TryGetConnection(DbConnection owningObject, UInt32 waitForMultipleObjectsTimeout, Boolean allowCreate, Boolean onlyOneCheckConnection, DbConnectionOptions userOptions, DbConnectionInternal& connection)
   at Microsoft.Data.ProviderBase.DbConnectionPool.WaitForPendingOpen()
--- End of stack trace from previous location ---
   at Microsoft.EntityFrameworkCore.Storage.RelationalConnection.OpenInternalAsync(Boolean errorsExpected, CancellationToken cancellationToken)
   at Microsoft.EntityFrameworkCore.Storage.RelationalConnection.OpenInternalAsync(Boolean errorsExpected, CancellationToken cancellationToken)
   at Microsoft.EntityFrameworkCore.Storage.RelationalConnection.OpenAsync(CancellationToken cancellationToken, Boolean errorsExpected)
   at Microsoft.EntityFrameworkCore.Storage.RelationalCommand.ExecuteReaderAsync(RelationalCommandParameterObject parameterObject, CancellationToken cancellationToken)
   at Microsoft.EntityFrameworkCore.Query.Internal.SingleQueryingEnumerable`1.AsyncEnumerator.InitializeReaderAsync(AsyncEnumerator enumerator, CancellationToken cancellationToken)
   at Microsoft.EntityFrameworkCore.SqlServer.Storage.Internal.SqlServerExecutionStrategy.ExecuteAsync[TState,TResult](TState state, Func`4 operation, Func`4 verifySucceeded, CancellationToken cancellationToken)
   at Microsoft.EntityFrameworkCore.Query.Internal.SingleQueryingEnumerable`1.AsyncEnumerator.MoveNextAsync()
   at Microsoft.EntityFrameworkCore.Query.ShapedQueryCompilingExpressionVisitor.SingleOrDefaultAsync[TSource](IAsyncEnumerable`1 asyncEnumerable, CancellationToken cancellationToken)
   at Microsoft.EntityFrameworkCore.Query.ShapedQueryCompilingExpressionVisitor.SingleOrDefaultAsync[TSource](IAsyncEnumerable`1 asyncEnumerable, CancellationToken cancellationToken)
   at Repositories.AppUserRepository.AppUserRepository.GetByEmailAsync(String email, CancellationToken cancellationToken) in D:\souce\ketsat\server\Repositories\AppUserRepository\AppUserRepository.cs:line 18
   at Services.AppUserModule.AppUserService.CreateUserAsync(CreateAppUserRequest request, CancellationToken cancellationToken) in D:\souce\ketsat\server\Services\AppUserService\AppUserService.cs:line 23
   at Api.Controllers.Auth.AuthController.Register(RegisterRequest body, CancellationToken cancellationToken) in D:\souce\ketsat\server\Api\Controllers\Auth\AuthController.cs:line 92
   at Microsoft.AspNetCore.Mvc.Infrastructure.ActionMethodExecutor.TaskOfIActionResultExecutor.Execute(ActionContext actionContext, IActionResultTypeMapper mapper, ObjectMethodExecutor executor, Object controller, Object[] arguments)
   at Microsoft.AspNetCore.Mvc.Infrastructure.ControllerActionInvoker.<InvokeActionMethodAsync>g__Awaited|12_0(ControllerActionInvoker invoker, ValueTask`1 actionResultValueTask)
   at Microsoft.AspNetCore.Mvc.Infrastructure.ControllerActionInvoker.<InvokeNextActionFilterAsync>g__Awaited|10_0(ControllerActionInvoker invoker, Task lastTask, State next, Scope scope, Object state, Boolean isCompleted)
   at Microsoft.AspNetCore.Mvc.Infrastructure.ControllerActionInvoker.Rethrow(ActionExecutedContextSealed context)
   at Microsoft.AspNetCore.Mvc.Infrastructure.ControllerActionInvoker.Next(State& next, Scope& scope, Object& state, Boolean& isCompleted)
   at Microsoft.AspNetCore.Mvc.Infrastructure.ControllerActionInvoker.<InvokeInnerFilterAsync>g__Awaited|13_0(ControllerActionInvoker invoker, Task lastTask, State next, Scope scope, Object state, Boolean isCompleted)
   at Microsoft.AspNetCore.Mvc.Infrastructure.ResourceInvoker.<InvokeFilterPipelineAsync>g__Awaited|20_0(ResourceInvoker invoker, Task lastTask, State next, Scope scope, Object state, Boolean isCompleted)
   at Microsoft.AspNetCore.Mvc.Infrastructure.ResourceInvoker.<InvokeAsync>g__Awaited|17_0(ResourceInvoker invoker, Task task, IDisposable scope)
   at Microsoft.AspNetCore.Mvc.Infrastructure.ResourceInvoker.<InvokeAsync>g__Awaited|17_0(ResourceInvoker invoker, Task task, IDisposable scope)
   at Microsoft.AspNetCore.Authorization.AuthorizationMiddleware.Invoke(HttpContext context)
   at Microsoft.AspNetCore.Authentication.AuthenticationMiddleware.Invoke(HttpContext context)
   at Serilog.AspNetCore.RequestLoggingMiddleware.Invoke(HttpContext httpContext)
ClientConnectionId:00000000-0000-0000-0000-000000000000
Error Number:-1,State:0,Class:20
2026-04-19 16:03:31.496 +07:00 [ERR] An unhandled exception has occurred while executing the request.
Microsoft.Data.SqlClient.SqlException (0x80131904): A network-related or instance-specific error occurred while establishing a connection to SQL Server. The server was not found or was not accessible. Verify that the instance name is correct and that SQL Server is configured to allow remote connections. (provider: SQL Network Interfaces, error: 26 - Error Locating Server/Instance Specified)
   at Microsoft.Data.SqlClient.SqlInternalConnection.OnError(SqlException exception, Boolean breakConnection, Action`1 wrapCloseInAction)
   at Microsoft.Data.SqlClient.TdsParser.ThrowExceptionAndWarning(TdsParserStateObject stateObj, Boolean callerHasConnectionLock, Boolean asyncClose)
   at Microsoft.Data.SqlClient.TdsParser.Connect(ServerInfo serverInfo, SqlInternalConnectionTds connHandler, Boolean ignoreSniOpenTimeout, Int64 timerExpire, SqlConnectionString connectionOptions, Boolean withFailover)
   at Microsoft.Data.SqlClient.SqlInternalConnectionTds.AttemptOneLogin(ServerInfo serverInfo, String newPassword, SecureString newSecurePassword, Boolean ignoreSniOpenTimeout, TimeoutTimer timeout, Boolean withFailover)
   at Microsoft.Data.SqlClient.SqlInternalConnectionTds.LoginNoFailover(ServerInfo serverInfo, String newPassword, SecureString newSecurePassword, Boolean redirectedUserInstance, SqlConnectionString connectionOptions, SqlCredential credential, TimeoutTimer timeout)
   at Microsoft.Data.SqlClient.SqlInternalConnectionTds.OpenLoginEnlist(TimeoutTimer timeout, SqlConnectionString connectionOptions, SqlCredential credential, String newPassword, SecureString newSecurePassword, Boolean redirectedUserInstance)
   at Microsoft.Data.SqlClient.SqlInternalConnectionTds..ctor(DbConnectionPoolIdentity identity, SqlConnectionString connectionOptions, SqlCredential credential, Object providerInfo, String newPassword, SecureString newSecurePassword, Boolean redirectedUserInstance, SqlConnectionString userConnectionOptions, SessionData reconnectSessionData, Boolean applyTransientFaultHandling, String accessToken, DbConnectionPool pool)
   at Microsoft.Data.SqlClient.SqlConnectionFactory.CreateConnection(DbConnectionOptions options, DbConnectionPoolKey poolKey, Object poolGroupProviderInfo, DbConnectionPool pool, DbConnection owningConnection, DbConnectionOptions userOptions)
   at Microsoft.Data.ProviderBase.DbConnectionFactory.CreatePooledConnection(DbConnectionPool pool, DbConnection owningObject, DbConnectionOptions options, DbConnectionPoolKey poolKey, DbConnectionOptions userOptions)
   at Microsoft.Data.ProviderBase.DbConnectionPool.CreateObject(DbConnection owningObject, DbConnectionOptions userOptions, DbConnectionInternal oldConnection)
   at Microsoft.Data.ProviderBase.DbConnectionPool.UserCreateRequest(DbConnection owningObject, DbConnectionOptions userOptions, DbConnectionInternal oldConnection)
   at Microsoft.Data.ProviderBase.DbConnectionPool.TryGetConnection(DbConnection owningObject, UInt32 waitForMultipleObjectsTimeout, Boolean allowCreate, Boolean onlyOneCheckConnection, DbConnectionOptions userOptions, DbConnectionInternal& connection)
   at Microsoft.Data.ProviderBase.DbConnectionPool.WaitForPendingOpen()
--- End of stack trace from previous location ---
   at Microsoft.EntityFrameworkCore.Storage.RelationalConnection.OpenInternalAsync(Boolean errorsExpected, CancellationToken cancellationToken)
   at Microsoft.EntityFrameworkCore.Storage.RelationalConnection.OpenInternalAsync(Boolean errorsExpected, CancellationToken cancellationToken)
   at Microsoft.EntityFrameworkCore.Storage.RelationalConnection.OpenAsync(CancellationToken cancellationToken, Boolean errorsExpected)
   at Microsoft.EntityFrameworkCore.Storage.RelationalCommand.ExecuteReaderAsync(RelationalCommandParameterObject parameterObject, CancellationToken cancellationToken)
   at Microsoft.EntityFrameworkCore.Query.Internal.SingleQueryingEnumerable`1.AsyncEnumerator.InitializeReaderAsync(AsyncEnumerator enumerator, CancellationToken cancellationToken)
   at Microsoft.EntityFrameworkCore.SqlServer.Storage.Internal.SqlServerExecutionStrategy.ExecuteAsync[TState,TResult](TState state, Func`4 operation, Func`4 verifySucceeded, CancellationToken cancellationToken)
   at Microsoft.EntityFrameworkCore.Query.Internal.SingleQueryingEnumerable`1.AsyncEnumerator.MoveNextAsync()
   at Microsoft.EntityFrameworkCore.Query.ShapedQueryCompilingExpressionVisitor.SingleOrDefaultAsync[TSource](IAsyncEnumerable`1 asyncEnumerable, CancellationToken cancellationToken)
   at Microsoft.EntityFrameworkCore.Query.ShapedQueryCompilingExpressionVisitor.SingleOrDefaultAsync[TSource](IAsyncEnumerable`1 asyncEnumerable, CancellationToken cancellationToken)
   at Repositories.AppUserRepository.AppUserRepository.GetByEmailAsync(String email, CancellationToken cancellationToken) in D:\souce\ketsat\server\Repositories\AppUserRepository\AppUserRepository.cs:line 18
   at Services.AppUserModule.AppUserService.CreateUserAsync(CreateAppUserRequest request, CancellationToken cancellationToken) in D:\souce\ketsat\server\Services\AppUserService\AppUserService.cs:line 23
   at Api.Controllers.Auth.AuthController.Register(RegisterRequest body, CancellationToken cancellationToken) in D:\souce\ketsat\server\Api\Controllers\Auth\AuthController.cs:line 92
   at Microsoft.AspNetCore.Mvc.Infrastructure.ActionMethodExecutor.TaskOfIActionResultExecutor.Execute(ActionContext actionContext, IActionResultTypeMapper mapper, ObjectMethodExecutor executor, Object controller, Object[] arguments)
   at Microsoft.AspNetCore.Mvc.Infrastructure.ControllerActionInvoker.<InvokeActionMethodAsync>g__Awaited|12_0(ControllerActionInvoker invoker, ValueTask`1 actionResultValueTask)
   at Microsoft.AspNetCore.Mvc.Infrastructure.ControllerActionInvoker.<InvokeNextActionFilterAsync>g__Awaited|10_0(ControllerActionInvoker invoker, Task lastTask, State next, Scope scope, Object state, Boolean isCompleted)
   at Microsoft.AspNetCore.Mvc.Infrastructure.ControllerActionInvoker.Rethrow(ActionExecutedContextSealed context)
   at Microsoft.AspNetCore.Mvc.Infrastructure.ControllerActionInvoker.Next(State& next, Scope& scope, Object& state, Boolean& isCompleted)
   at Microsoft.AspNetCore.Mvc.Infrastructure.ControllerActionInvoker.<InvokeInnerFilterAsync>g__Awaited|13_0(ControllerActionInvoker invoker, Task lastTask, State next, Scope scope, Object state, Boolean isCompleted)
   at Microsoft.AspNetCore.Mvc.Infrastructure.ResourceInvoker.<InvokeFilterPipelineAsync>g__Awaited|20_0(ResourceInvoker invoker, Task lastTask, State next, Scope scope, Object state, Boolean isCompleted)
   at Microsoft.AspNetCore.Mvc.Infrastructure.ResourceInvoker.<InvokeAsync>g__Awaited|17_0(ResourceInvoker invoker, Task task, IDisposable scope)
   at Microsoft.AspNetCore.Mvc.Infrastructure.ResourceInvoker.<InvokeAsync>g__Awaited|17_0(ResourceInvoker invoker, Task task, IDisposable scope)
   at Microsoft.AspNetCore.Authorization.AuthorizationMiddleware.Invoke(HttpContext context)
   at Microsoft.AspNetCore.Authentication.AuthenticationMiddleware.Invoke(HttpContext context)
   at Serilog.AspNetCore.RequestLoggingMiddleware.Invoke(HttpContext httpContext)
   at Swashbuckle.AspNetCore.SwaggerUI.SwaggerUIMiddleware.Invoke(HttpContext httpContext)
   at Swashbuckle.AspNetCore.Swagger.SwaggerMiddleware.Invoke(HttpContext httpContext, ISwaggerProvider swaggerProvider)
   at Microsoft.AspNetCore.Diagnostics.DeveloperExceptionPageMiddlewareImpl.Invoke(HttpContext context)
ClientConnectionId:00000000-0000-0000-0000-000000000000
Error Number:-1,State:0,Class:20
2026-04-19 16:32:00.543 +07:00 [FTL] Ứng dụng API dừng bất thường.
Microsoft.Extensions.Hosting.HostAbortedException: The host was aborted.
   at Microsoft.Extensions.Hosting.HostFactoryResolver.HostingListener.ThrowHostAborted()
   at Microsoft.Extensions.Hosting.HostFactoryResolver.HostingListener.OnNext(KeyValuePair`2 value)
   at System.Diagnostics.DiagnosticListener.Write(String name, Object value)
   at Microsoft.Extensions.Hosting.HostBuilder.ResolveHost(IServiceProvider serviceProvider, DiagnosticListener diagnosticListener)
   at Microsoft.Extensions.Hosting.HostApplicationBuilder.Build()
   at Microsoft.AspNetCore.Builder.WebApplicationBuilder.Build()
   at Program.<Main>$(String[] args) in D:\souce\ketsat\server\Api\Program.cs:line 99
2026-04-19 16:33:15.241 +07:00 [FTL] Ứng dụng API dừng bất thường.
Microsoft.Extensions.Hosting.HostAbortedException: The host was aborted.
   at Microsoft.Extensions.Hosting.HostFactoryResolver.HostingListener.ThrowHostAborted()
   at Microsoft.Extensions.Hosting.HostFactoryResolver.HostingListener.OnNext(KeyValuePair`2 value)
   at System.Diagnostics.DiagnosticListener.Write(String name, Object value)
   at Microsoft.Extensions.Hosting.HostBuilder.ResolveHost(IServiceProvider serviceProvider, DiagnosticListener diagnosticListener)
   at Microsoft.Extensions.Hosting.HostApplicationBuilder.Build()
   at Microsoft.AspNetCore.Builder.WebApplicationBuilder.Build()
   at Program.<Main>$(String[] args) in D:\souce\ketsat\server\Api\Program.cs:line 99
2026-04-19 16:35:02.207 +07:00 [INF] Now listening on: https://localhost:7251
2026-04-19 16:35:02.233 +07:00 [INF] Now listening on: http://localhost:5255
2026-04-19 16:35:02.273 +07:00 [INF] Application started. Press Ctrl+C to shut down.
2026-04-19 16:35:02.274 +07:00 [INF] Hosting environment: Development
2026-04-19 16:35:02.276 +07:00 [INF] Content root path: D:\souce\ketsat\server\Api
2026-04-19 16:36:21.288 +07:00 [INF] Now listening on: https://localhost:7251
2026-04-19 16:36:21.314 +07:00 [INF] Now listening on: http://localhost:5255
2026-04-19 16:36:21.358 +07:00 [INF] Application started. Press Ctrl+C to shut down.
2026-04-19 16:36:21.359 +07:00 [INF] Hosting environment: Development
2026-04-19 16:36:21.360 +07:00 [INF] Content root path: D:\souce\ketsat\server\Api
2026-04-19 16:36:29.897 +07:00 [FTL] Ứng dụng API dừng bất thường.
Microsoft.Extensions.Hosting.HostAbortedException: The host was aborted.
   at Microsoft.Extensions.Hosting.HostFactoryResolver.HostingListener.ThrowHostAborted()
   at Microsoft.Extensions.Hosting.HostFactoryResolver.HostingListener.OnNext(KeyValuePair`2 value)
   at System.Diagnostics.DiagnosticListener.Write(String name, Object value)
   at Microsoft.Extensions.Hosting.HostBuilder.ResolveHost(IServiceProvider serviceProvider, DiagnosticListener diagnosticListener)
   at Microsoft.Extensions.Hosting.HostApplicationBuilder.Build()
   at Microsoft.AspNetCore.Builder.WebApplicationBuilder.Build()
   at Program.<Main>$(String[] args) in D:\souce\ketsat\server\Api\Program.cs:line 100
2026-04-19 16:38:20.155 +07:00 [FTL] Ứng dụng API dừng bất thường.
Microsoft.Extensions.Hosting.HostAbortedException: The host was aborted.
   at Microsoft.Extensions.Hosting.HostFactoryResolver.HostingListener.ThrowHostAborted()
   at Microsoft.Extensions.Hosting.HostFactoryResolver.HostingListener.OnNext(KeyValuePair`2 value)
   at System.Diagnostics.DiagnosticListener.Write(String name, Object value)
   at Microsoft.Extensions.Hosting.HostBuilder.ResolveHost(IServiceProvider serviceProvider, DiagnosticListener diagnosticListener)
   at Microsoft.Extensions.Hosting.HostApplicationBuilder.Build()
   at Microsoft.AspNetCore.Builder.WebApplicationBuilder.Build()
   at Program.<Main>$(String[] args) in D:\souce\ketsat\server\Api\Program.cs:line 100
2026-04-19 16:38:30.724 +07:00 [FTL] Ứng dụng API dừng bất thường.
Microsoft.Extensions.Hosting.HostAbortedException: The host was aborted.
   at Microsoft.Extensions.Hosting.HostFactoryResolver.HostingListener.ThrowHostAborted()
   at Microsoft.Extensions.Hosting.HostFactoryResolver.HostingListener.OnNext(KeyValuePair`2 value)
   at System.Diagnostics.DiagnosticListener.Write(String name, Object value)
   at Microsoft.Extensions.Hosting.HostBuilder.ResolveHost(IServiceProvider serviceProvider, DiagnosticListener diagnosticListener)
   at Microsoft.Extensions.Hosting.HostApplicationBuilder.Build()
   at Microsoft.AspNetCore.Builder.WebApplicationBuilder.Build()
   at Program.<Main>$(String[] args) in D:\souce\ketsat\server\Api\Program.cs:line 100
2026-04-19 16:39:32.242 +07:00 [FTL] Ứng dụng API dừng bất thường.
Microsoft.Extensions.Hosting.HostAbortedException: The host was aborted.
   at Microsoft.Extensions.Hosting.HostFactoryResolver.HostingListener.ThrowHostAborted()
   at Microsoft.Extensions.Hosting.HostFactoryResolver.HostingListener.OnNext(KeyValuePair`2 value)
   at System.Diagnostics.DiagnosticListener.Write(String name, Object value)
   at Microsoft.Extensions.Hosting.HostBuilder.ResolveHost(IServiceProvider serviceProvider, DiagnosticListener diagnosticListener)
   at Microsoft.Extensions.Hosting.HostApplicationBuilder.Build()
   at Microsoft.AspNetCore.Builder.WebApplicationBuilder.Build()
   at Program.<Main>$(String[] args) in D:\souce\ketsat\server\Api\Program.cs:line 100
2026-04-19 16:40:50.826 +07:00 [FTL] Ứng dụng API dừng bất thường.
Microsoft.Extensions.Hosting.HostAbortedException: The host was aborted.
   at Microsoft.Extensions.Hosting.HostFactoryResolver.HostingListener.ThrowHostAborted()
   at Microsoft.Extensions.Hosting.HostFactoryResolver.HostingListener.OnNext(KeyValuePair`2 value)
   at System.Diagnostics.DiagnosticListener.Write(String name, Object value)
   at Microsoft.Extensions.Hosting.HostBuilder.ResolveHost(IServiceProvider serviceProvider, DiagnosticListener diagnosticListener)
   at Microsoft.Extensions.Hosting.HostApplicationBuilder.Build()
   at Microsoft.AspNetCore.Builder.WebApplicationBuilder.Build()
   at Program.<Main>$(String[] args) in D:\souce\ketsat\server\Api\Program.cs:line 100
2026-04-19 16:56:56.298 +07:00 [FTL] Ứng dụng API dừng bất thường.
Microsoft.Extensions.Hosting.HostAbortedException: The host was aborted.
   at Microsoft.Extensions.Hosting.HostFactoryResolver.HostingListener.ThrowHostAborted()
   at Microsoft.Extensions.Hosting.HostFactoryResolver.HostingListener.OnNext(KeyValuePair`2 value)
   at System.Diagnostics.DiagnosticListener.Write(String name, Object value)
   at Microsoft.Extensions.Hosting.HostBuilder.ResolveHost(IServiceProvider serviceProvider, DiagnosticListener diagnosticListener)
   at Microsoft.Extensions.Hosting.HostApplicationBuilder.Build()
   at Microsoft.AspNetCore.Builder.WebApplicationBuilder.Build()
   at Program.<Main>$(String[] args) in D:\souce\ketsat\server\Api\Program.cs:line 100
2026-04-19 16:57:19.814 +07:00 [FTL] Ứng dụng API dừng bất thường.
Microsoft.Extensions.Hosting.HostAbortedException: The host was aborted.
   at Microsoft.Extensions.Hosting.HostFactoryResolver.HostingListener.ThrowHostAborted()
   at Microsoft.Extensions.Hosting.HostFactoryResolver.HostingListener.OnNext(KeyValuePair`2 value)
   at System.Diagnostics.DiagnosticListener.Write(String name, Object value)
   at Microsoft.Extensions.Hosting.HostBuilder.ResolveHost(IServiceProvider serviceProvider, DiagnosticListener diagnosticListener)
   at Microsoft.Extensions.Hosting.HostApplicationBuilder.Build()
   at Microsoft.AspNetCore.Builder.WebApplicationBuilder.Build()
   at Program.<Main>$(String[] args) in D:\souce\ketsat\server\Api\Program.cs:line 100
2026-04-19 17:02:19.340 +07:00 [FTL] Ứng dụng API dừng bất thường.
Microsoft.Extensions.Hosting.HostAbortedException: The host was aborted.
   at Microsoft.Extensions.Hosting.HostFactoryResolver.HostingListener.ThrowHostAborted()
   at Microsoft.Extensions.Hosting.HostFactoryResolver.HostingListener.OnNext(KeyValuePair`2 value)
   at System.Diagnostics.DiagnosticListener.Write(String name, Object value)
   at Microsoft.Extensions.Hosting.HostBuilder.ResolveHost(IServiceProvider serviceProvider, DiagnosticListener diagnosticListener)
   at Microsoft.Extensions.Hosting.HostApplicationBuilder.Build()
   at Microsoft.AspNetCore.Builder.WebApplicationBuilder.Build()
   at Program.<Main>$(String[] args) in D:\souce\ketsat\server\Api\Program.cs:line 100
2026-04-19 17:02:42.260 +07:00 [FTL] Ứng dụng API dừng bất thường.
Microsoft.Extensions.Hosting.HostAbortedException: The host was aborted.
   at Microsoft.Extensions.Hosting.HostFactoryResolver.HostingListener.ThrowHostAborted()
   at Microsoft.Extensions.Hosting.HostFactoryResolver.HostingListener.OnNext(KeyValuePair`2 value)
   at System.Diagnostics.DiagnosticListener.Write(String name, Object value)
   at Microsoft.Extensions.Hosting.HostBuilder.ResolveHost(IServiceProvider serviceProvider, DiagnosticListener diagnosticListener)
   at Microsoft.Extensions.Hosting.HostApplicationBuilder.Build()
   at Microsoft.AspNetCore.Builder.WebApplicationBuilder.Build()
   at Program.<Main>$(String[] args) in D:\souce\ketsat\server\Api\Program.cs:line 100
2026-04-19 17:03:58.888 +07:00 [FTL] Ứng dụng API dừng bất thường.
Microsoft.Extensions.Hosting.HostAbortedException: The host was aborted.
   at Microsoft.Extensions.Hosting.HostFactoryResolver.HostingListener.ThrowHostAborted()
   at Microsoft.Extensions.Hosting.HostFactoryResolver.HostingListener.OnNext(KeyValuePair`2 value)
   at System.Diagnostics.DiagnosticListener.Write(String name, Object value)
   at Microsoft.Extensions.Hosting.HostBuilder.ResolveHost(IServiceProvider serviceProvider, DiagnosticListener diagnosticListener)
   at Microsoft.Extensions.Hosting.HostApplicationBuilder.Build()
   at Microsoft.AspNetCore.Builder.WebApplicationBuilder.Build()
   at Program.<Main>$(String[] args) in D:\souce\ketsat\server\Api\Program.cs:line 100
2026-04-19 17:07:31.633 +07:00 [FTL] Ứng dụng API dừng bất thường.
Microsoft.Extensions.Hosting.HostAbortedException: The host was aborted.
   at Microsoft.Extensions.Hosting.HostFactoryResolver.HostingListener.ThrowHostAborted()
   at Microsoft.Extensions.Hosting.HostFactoryResolver.HostingListener.OnNext(KeyValuePair`2 value)
   at System.Diagnostics.DiagnosticListener.Write(String name, Object value)
   at Microsoft.Extensions.Hosting.HostBuilder.ResolveHost(IServiceProvider serviceProvider, DiagnosticListener diagnosticListener)
   at Microsoft.Extensions.Hosting.HostApplicationBuilder.Build()
   at Microsoft.AspNetCore.Builder.WebApplicationBuilder.Build()
   at Program.<Main>$(String[] args) in D:\souce\ketsat\server\Api\Program.cs:line 100
2026-04-19 17:07:49.080 +07:00 [INF] Now listening on: https://localhost:7251
2026-04-19 17:07:49.107 +07:00 [INF] Now listening on: http://localhost:5255
2026-04-19 17:07:49.146 +07:00 [INF] Application started. Press Ctrl+C to shut down.
2026-04-19 17:07:49.147 +07:00 [INF] Hosting environment: Development
2026-04-19 17:07:49.148 +07:00 [INF] Content root path: D:\souce\ketsat\server\Api
2026-04-19 17:08:09.856 +07:00 [INF] HTTP OPTIONS /api/auth/register responded 204 in 2.6353 ms
2026-04-19 17:08:10.720 +07:00 [WRN] Entity 'Product' has a global query filter defined and is the required end of a relationship with the entity 'ProductTag'. This may lead to unexpected results when the required entity is filtered out. Either configure the navigation as optional, or define matching query filters for both entities in the navigation. See https://go.microsoft.com/fwlink/?linkid=2131316 for more information.
2026-04-19 17:08:10.722 +07:00 [WRN] Entity 'ProductAttributeValue' has a global query filter defined and is the required end of a relationship with the entity 'ProductVariantAttributeValue'. This may lead to unexpected results when the required entity is filtered out. Either configure the navigation as optional, or define matching query filters for both entities in the navigation. See https://go.microsoft.com/fwlink/?linkid=2131316 for more information.
2026-04-19 17:08:11.773 +07:00 [INF] HTTP POST /api/auth/register responded 200 in 1895.8211 ms
2026-04-19 17:08:16.808 +07:00 [INF] HTTP OPTIONS /api/auth/login responded 204 in 0.4021 ms
2026-04-19 17:08:17.034 +07:00 [INF] HTTP POST /api/auth/login responded 200 in 220.5152 ms
2026-04-19 17:08:18.020 +07:00 [INF] HTTP OPTIONS /api/auth/me responded 204 in 0.0707 ms
2026-04-19 17:08:18.273 +07:00 [INF] HTTP GET /api/auth/me responded 200 in 244.5370 ms
2026-04-19 17:08:26.948 +07:00 [INF] HTTP OPTIONS /api/admin/brands responded 204 in 0.1318 ms
2026-04-19 17:08:26.948 +07:00 [INF] HTTP OPTIONS /api/admin/categories responded 204 in 0.1904 ms
2026-04-19 17:08:26.948 +07:00 [INF] HTTP OPTIONS /api/admin/products responded 204 in 0.0372 ms
2026-04-19 17:08:30.249 +07:00 [INF] HTTP OPTIONS /api/auth/me responded 204 in 0.0736 ms
2026-04-19 17:08:30.263 +07:00 [INF] HTTP GET /api/auth/me responded 200 in 4.7966 ms
2026-04-19 17:08:30.270 +07:00 [INF] HTTP GET /api/admin/brands responded 200 in 3309.1763 ms
2026-04-19 17:08:30.333 +07:00 [INF] HTTP GET /api/admin/categories responded 200 in 3372.1518 ms
2026-04-19 17:08:30.341 +07:00 [INF] HTTP GET /api/admin/products responded 200 in 3378.1330 ms
2026-04-19 17:08:45.511 +07:00 [INF] HTTP OPTIONS /api/AppUsers responded 204 in 0.1916 ms
2026-04-19 17:08:45.511 +07:00 [INF] HTTP OPTIONS /api/AppUsers responded 204 in 0.0918 ms
2026-04-19 17:08:45.529 +07:00 [INF] HTTP GET /api/AppUsers responded 200 in 13.7020 ms
2026-04-19 17:08:45.533 +07:00 [INF] HTTP GET /api/AppUsers responded 200 in 2.9267 ms
2026-04-19 17:08:48.171 +07:00 [INF] HTTP OPTIONS /api/AppUsers/033447a8-7299-4bed-9da2-d30f95e4e084/detail responded 204 in 0.0435 ms
2026-04-19 17:08:48.191 +07:00 [INF] HTTP GET /api/AppUsers/033447a8-7299-4bed-9da2-d30f95e4e084/detail responded 200 in 15.4897 ms
2026-04-19 17:08:55.890 +07:00 [INF] HTTP OPTIONS /api/AppUsers/033447a8-7299-4bed-9da2-d30f95e4e084/detail responded 204 in 0.0688 ms
2026-04-19 17:08:55.897 +07:00 [INF] HTTP GET /api/AppUsers/033447a8-7299-4bed-9da2-d30f95e4e084/detail responded 200 in 3.2963 ms
2026-04-19 17:09:02.061 +07:00 [INF] HTTP OPTIONS /api/AppUsers/033447a8-7299-4bed-9da2-d30f95e4e084/update responded 204 in 0.1251 ms
2026-04-19 17:09:02.262 +07:00 [INF] HTTP POST /api/AppUsers/033447a8-7299-4bed-9da2-d30f95e4e084/update responded 404 in 196.0668 ms
2026-04-19 17:09:13.598 +07:00 [INF] HTTP OPTIONS /api/AppUsers responded 204 in 0.0513 ms
2026-04-19 17:09:13.606 +07:00 [INF] HTTP GET /api/AppUsers responded 200 in 4.3355 ms
2026-04-19 17:09:13.696 +07:00 [INF] HTTP OPTIONS /api/auth/me responded 204 in 0.0791 ms
2026-04-19 17:09:13.702 +07:00 [INF] HTTP GET /api/auth/me responded 200 in 3.1178 ms
2026-04-19 17:09:14.440 +07:00 [INF] HTTP OPTIONS /api/AppUsers/033447a8-7299-4bed-9da2-d30f95e4e084/detail responded 204 in 0.0544 ms
2026-04-19 17:09:14.449 +07:00 [INF] HTTP GET /api/AppUsers/033447a8-7299-4bed-9da2-d30f95e4e084/detail responded 200 in 3.8758 ms
2026-04-19 17:09:16.775 +07:00 [INF] HTTP GET /api/AppUsers responded 200 in 3.1244 ms
2026-04-19 17:09:16.795 +07:00 [INF] HTTP GET /api/auth/me responded 200 in 3.5949 ms
2026-04-19 17:09:17.578 +07:00 [INF] HTTP GET /api/AppUsers responded 200 in 4.0980 ms
2026-04-19 17:09:17.596 +07:00 [INF] HTTP GET /api/auth/me responded 200 in 3.5441 ms
2026-04-19 17:09:18.227 +07:00 [INF] HTTP GET /api/AppUsers responded 200 in 3.6185 ms
2026-04-19 17:09:18.246 +07:00 [INF] HTTP GET /api/auth/me responded 200 in 3.1898 ms
2026-04-19 17:09:18.927 +07:00 [INF] HTTP OPTIONS /api/AppUsers responded 204 in 0.0517 ms
2026-04-19 17:09:18.937 +07:00 [INF] HTTP GET /api/AppUsers responded 200 in 3.8529 ms
2026-04-19 17:09:18.952 +07:00 [INF] HTTP OPTIONS /api/auth/me responded 204 in 0.0362 ms
2026-04-19 17:09:18.959 +07:00 [INF] HTTP GET /api/auth/me responded 200 in 3.7502 ms
2026-04-19 17:09:19.390 +07:00 [INF] HTTP GET /api/AppUsers responded 200 in 3.7566 ms
2026-04-19 17:09:19.406 +07:00 [INF] HTTP GET /api/auth/me responded 200 in 3.8751 ms
2026-04-19 17:09:19.870 +07:00 [INF] HTTP GET /api/AppUsers responded 200 in 7.6165 ms
2026-04-19 17:09:20.143 +07:00 [INF] HTTP GET /api/AppUsers responded 200 in 3.2443 ms
2026-04-19 17:09:20.170 +07:00 [INF] HTTP GET /api/auth/me responded 200 in 4.1024 ms
2026-04-19 17:09:29.635 +07:00 [INF] HTTP OPTIONS /api/admin/modules responded 204 in 0.0622 ms
2026-04-19 17:09:29.636 +07:00 [INF] HTTP OPTIONS /api/admin/modules responded 204 in 0.0427 ms
2026-04-19 17:09:29.663 +07:00 [INF] HTTP GET /api/admin/modules responded 200 in 23.6505 ms
2026-04-19 17:09:29.669 +07:00 [INF] HTTP GET /api/admin/modules responded 200 in 4.7059 ms
2026-04-19 17:09:37.445 +07:00 [INF] HTTP OPTIONS /api/admin/modules responded 204 in 0.1659 ms
2026-04-19 17:09:37.445 +07:00 [INF] HTTP OPTIONS /api/admin/modules responded 204 in 0.1675 ms
2026-04-19 17:09:37.456 +07:00 [INF] HTTP GET /api/admin/modules responded 200 in 4.4917 ms
2026-04-19 17:09:37.461 +07:00 [INF] HTTP GET /api/admin/modules responded 200 in 3.0298 ms
2026-04-19 17:09:43.407 +07:00 [INF] HTTP OPTIONS /api/admin/modules responded 204 in 0.3086 ms
2026-04-19 17:09:43.407 +07:00 [INF] HTTP OPTIONS /api/admin/modules responded 204 in 0.0229 ms
2026-04-19 17:09:43.418 +07:00 [INF] HTTP GET /api/admin/modules responded 200 in 4.9448 ms
2026-04-19 17:09:43.429 +07:00 [INF] HTTP GET /api/admin/modules responded 200 in 9.7913 ms
2026-04-19 17:10:04.304 +07:00 [INF] HTTP OPTIONS /api/admin/modules responded 204 in 0.0482 ms
2026-04-19 17:10:04.378 +07:00 [INF] HTTP POST /api/admin/modules responded 201 in 70.3205 ms
2026-04-19 17:10:04.386 +07:00 [INF] HTTP GET /api/admin/modules responded 200 in 2.4478 ms
2026-04-19 17:10:08.405 +07:00 [INF] HTTP GET /api/admin/modules responded 200 in 2.9633 ms
2026-04-19 17:10:08.412 +07:00 [INF] HTTP GET /api/admin/modules responded 200 in 5.4460 ms
2026-04-19 17:10:08.474 +07:00 [INF] HTTP OPTIONS /api/admin/operations responded 204 in 0.0271 ms
2026-04-19 17:10:08.499 +07:00 [INF] HTTP GET /api/admin/operations responded 200 in 21.7010 ms
2026-04-19 17:10:33.016 +07:00 [INF] HTTP OPTIONS /api/admin/operations responded 204 in 0.3962 ms
2026-04-19 17:10:33.086 +07:00 [INF] HTTP POST /api/admin/operations responded 201 in 66.8447 ms
2026-04-19 17:10:33.090 +07:00 [INF] HTTP OPTIONS /api/admin/operations responded 204 in 0.0229 ms
2026-04-19 17:10:33.100 +07:00 [INF] HTTP GET /api/admin/operations responded 200 in 7.3227 ms
2026-04-19 17:10:35.628 +07:00 [INF] HTTP OPTIONS /api/admin/roles responded 204 in 0.0715 ms
2026-04-19 17:10:35.628 +07:00 [INF] HTTP OPTIONS /api/admin/roles responded 204 in 0.0221 ms
2026-04-19 17:10:35.645 +07:00 [INF] HTTP GET /api/admin/roles responded 200 in 13.5805 ms
2026-04-19 17:10:35.652 +07:00 [INF] HTTP GET /api/admin/roles responded 200 in 5.2306 ms
2026-04-19 17:10:41.890 +07:00 [INF] HTTP OPTIONS /api/AppUsers responded 204 in 0.1124 ms
2026-04-19 17:10:41.890 +07:00 [INF] HTTP OPTIONS /api/AppUsers responded 204 in 0.0183 ms
2026-04-19 17:10:41.897 +07:00 [INF] HTTP GET /api/AppUsers responded 200 in 3.3846 ms
2026-04-19 17:10:41.909 +07:00 [INF] HTTP GET /api/AppUsers responded 200 in 10.9149 ms
2026-04-19 17:10:54.233 +07:00 [INF] HTTP OPTIONS /api/admin/roles responded 204 in 0.1100 ms
2026-04-19 17:10:54.233 +07:00 [INF] HTTP OPTIONS /api/admin/roles responded 204 in 0.0179 ms
2026-04-19 17:10:54.240 +07:00 [INF] HTTP GET /api/admin/roles responded 200 in 3.6228 ms
2026-04-19 17:10:54.245 +07:00 [INF] HTTP GET /api/admin/roles responded 200 in 2.8242 ms
2026-04-19 17:11:04.558 +07:00 [INF] HTTP OPTIONS /api/AppUsers responded 204 in 0.2378 ms
2026-04-19 17:11:04.559 +07:00 [INF] HTTP OPTIONS /api/AppUsers responded 204 in 0.0287 ms
2026-04-19 17:11:04.565 +07:00 [INF] HTTP GET /api/AppUsers responded 200 in 3.6164 ms
2026-04-19 17:11:04.576 +07:00 [INF] HTTP GET /api/AppUsers responded 200 in 9.5465 ms
2026-04-19 17:11:33.736 +07:00 [INF] HTTP OPTIONS /api/admin/orders responded 204 in 0.0366 ms
2026-04-19 17:11:33.765 +07:00 [INF] HTTP OPTIONS /api/auth/me responded 204 in 0.0678 ms
2026-04-19 17:11:33.771 +07:00 [INF] HTTP GET /api/admin/orders responded 200 in 31.6230 ms
2026-04-19 17:11:33.781 +07:00 [INF] HTTP GET /api/auth/me responded 200 in 5.7869 ms
2026-04-19 17:15:10.571 +07:00 [INF] HTTP OPTIONS /api/admin/orders responded 204 in 0.1166 ms
2026-04-19 17:15:10.593 +07:00 [INF] HTTP GET /api/admin/orders responded 200 in 18.9383 ms
2026-04-19 17:15:10.604 +07:00 [INF] HTTP OPTIONS /api/auth/me responded 204 in 0.1232 ms
2026-04-19 17:15:10.613 +07:00 [INF] HTTP GET /api/auth/me responded 200 in 3.5205 ms
2026-04-19 17:15:14.429 +07:00 [INF] HTTP OPTIONS /api/admin/orders/dec65360-ff4e-42b1-8294-5daa71dfc247 responded 204 in 0.0756 ms
2026-04-19 17:15:14.472 +07:00 [INF] HTTP GET /api/admin/orders/dec65360-ff4e-42b1-8294-5daa71dfc247 responded 200 in 40.1977 ms
2026-04-19 17:15:29.426 +07:00 [INF] HTTP OPTIONS /api/admin/categories responded 204 in 0.1161 ms
2026-04-19 17:15:29.427 +07:00 [INF] HTTP OPTIONS /api/admin/brands responded 204 in 0.0268 ms
2026-04-19 17:15:29.428 +07:00 [INF] HTTP OPTIONS /api/admin/products responded 204 in 0.5864 ms
2026-04-19 17:15:29.473 +07:00 [INF] HTTP OPTIONS /api/auth/me responded 204 in 0.5637 ms
2026-04-19 17:15:29.517 +07:00 [INF] HTTP GET /api/auth/me responded 200 in 4.3572 ms
2026-04-19 17:15:29.523 +07:00 [INF] HTTP GET /api/admin/categories responded 200 in 83.5974 ms
2026-04-19 17:15:29.531 +07:00 [INF] HTTP GET /api/admin/brands responded 200 in 84.3380 ms
2026-04-19 17:15:29.547 +07:00 [INF] HTTP GET /api/admin/products responded 200 in 66.3858 ms
2026-04-19 17:15:35.047 +07:00 [INF] HTTP OPTIONS /api/admin/products/2e9b9089-6fbd-47a0-9624-0e10640813ac responded 204 in 0.0250 ms
2026-04-19 17:15:35.086 +07:00 [INF] HTTP GET /api/admin/products/2e9b9089-6fbd-47a0-9624-0e10640813ac responded 200 in 36.3538 ms
2026-04-19 17:20:56.216 +07:00 [INF] HTTP OPTIONS /api/auth/me responded 204 in 0.0604 ms
2026-04-19 17:20:56.231 +07:00 [INF] HTTP GET /api/auth/me responded 200 in 9.6056 ms
2026-04-19 17:21:00.553 +07:00 [INF] HTTP OPTIONS /api/admin/categories responded 204 in 0.0664 ms
2026-04-19 17:21:00.553 +07:00 [INF] HTTP OPTIONS /api/admin/categories responded 204 in 0.0211 ms
2026-04-19 17:21:00.563 +07:00 [INF] HTTP OPTIONS /api/admin/products responded 204 in 0.0292 ms
2026-04-19 17:21:00.553 +07:00 [INF] HTTP OPTIONS /api/admin/brands responded 204 in 0.0965 ms
2026-04-19 17:21:00.553 +07:00 [INF] HTTP OPTIONS /api/admin/products responded 204 in 0.0231 ms
2026-04-19 17:21:00.577 +07:00 [INF] HTTP GET /api/admin/categories responded 200 in 11.4281 ms
2026-04-19 17:21:00.553 +07:00 [INF] HTTP OPTIONS /api/admin/brands responded 204 in 0.0105 ms
2026-04-19 17:21:00.607 +07:00 [INF] HTTP GET /api/admin/categories responded 200 in 28.7082 ms
2026-04-19 17:21:00.633 +07:00 [INF] HTTP GET /api/admin/products responded 200 in 30.8381 ms
2026-04-19 17:21:00.633 +07:00 [INF] HTTP GET /api/admin/products responded 200 in 55.1697 ms
2026-04-19 17:21:00.636 +07:00 [INF] HTTP GET /api/admin/brands responded 200 in 56.7384 ms
2026-04-19 17:21:00.641 +07:00 [INF] HTTP GET /api/admin/brands responded 200 in 2.5395 ms
2026-04-19 17:21:09.891 +07:00 [INF] HTTP OPTIONS /api/admin/categories responded 204 in 0.0307 ms
2026-04-19 17:21:09.893 +07:00 [INF] HTTP OPTIONS /api/admin/products responded 204 in 0.0273 ms
2026-04-19 17:21:09.893 +07:00 [INF] HTTP OPTIONS /api/admin/categories responded 204 in 0.0878 ms
2026-04-19 17:21:09.893 +07:00 [INF] HTTP OPTIONS /api/admin/brands responded 204 in 0.0490 ms
2026-04-19 17:21:09.893 +07:00 [INF] HTTP OPTIONS /api/admin/products responded 204 in 0.1304 ms
2026-04-19 17:21:09.892 +07:00 [INF] HTTP OPTIONS /api/admin/brands responded 204 in 0.1050 ms
2026-04-19 17:21:09.904 +07:00 [INF] HTTP GET /api/admin/products responded 200 in 6.4859 ms
2026-04-19 17:21:09.902 +07:00 [INF] HTTP GET /api/admin/categories responded 200 in 6.2496 ms
2026-04-19 17:21:09.909 +07:00 [INF] HTTP GET /api/admin/categories responded 200 in 4.4023 ms
2026-04-19 17:21:09.906 +07:00 [INF] HTTP GET /api/admin/brands responded 200 in 4.7753 ms
2026-04-19 17:21:09.913 +07:00 [INF] HTTP GET /api/admin/products responded 200 in 7.6531 ms
2026-04-19 17:21:09.914 +07:00 [INF] HTTP GET /api/admin/brands responded 200 in 5.7237 ms
2026-04-19 17:21:23.916 +07:00 [INF] HTTP OPTIONS /api/auth/me responded 204 in 0.1235 ms
2026-04-19 17:21:23.930 +07:00 [INF] HTTP GET /api/auth/me responded 200 in 7.4058 ms
2026-04-19 17:22:22.738 +07:00 [INF] HTTP OPTIONS /api/auth/me responded 204 in 0.0874 ms
2026-04-19 17:22:22.747 +07:00 [INF] HTTP GET /api/auth/me responded 200 in 3.9248 ms
2026-04-19 17:22:25.669 +07:00 [INF] HTTP GET /api/auth/me responded 200 in 2.0455 ms
2026-04-19 17:23:07.215 +07:00 [INF] HTTP OPTIONS /api/auth/me responded 204 in 0.0460 ms
2026-04-19 17:23:07.354 +07:00 [INF] HTTP GET /api/auth/me responded 200 in 15.8164 ms
2026-04-19 17:23:27.833 +07:00 [INF] HTTP OPTIONS /api/admin/products/2e9b9089-6fbd-47a0-9624-0e10640813ac responded 204 in 0.1021 ms
2026-04-19 17:23:27.839 +07:00 [INF] HTTP GET /api/admin/products/2e9b9089-6fbd-47a0-9624-0e10640813ac responded 200 in 2.3762 ms
2026-04-19 17:24:01.123 +07:00 [INF] HTTP OPTIONS /api/admin/products/2e9b9089-6fbd-47a0-9624-0e10640813ac/update responded 204 in 0.0248 ms
2026-04-19 17:24:01.237 +07:00 [INF] HTTP POST /api/admin/products/2e9b9089-6fbd-47a0-9624-0e10640813ac/update responded 200 in 110.6407 ms
2026-04-19 17:24:01.245 +07:00 [INF] HTTP OPTIONS /api/admin/products responded 204 in 0.0203 ms
2026-04-19 17:24:01.250 +07:00 [INF] HTTP GET /api/admin/products responded 200 in 2.5464 ms
2026-04-19 17:24:05.097 +07:00 [INF] HTTP OPTIONS /api/admin/products/2e9b9089-6fbd-47a0-9624-0e10640813ac responded 204 in 0.0200 ms
2026-04-19 17:24:05.102 +07:00 [INF] HTTP GET /api/admin/products/2e9b9089-6fbd-47a0-9624-0e10640813ac responded 200 in 2.0139 ms
2026-04-19 17:24:32.433 +07:00 [INF] HTTP OPTIONS /api/admin/products/2e9b9089-6fbd-47a0-9624-0e10640813ac/update responded 204 in 0.0275 ms
2026-04-19 17:24:32.442 +07:00 [INF] HTTP POST /api/admin/products/2e9b9089-6fbd-47a0-9624-0e10640813ac/update responded 200 in 6.3116 ms
2026-04-19 17:24:32.455 +07:00 [INF] HTTP OPTIONS /api/admin/products responded 204 in 0.0209 ms
2026-04-19 17:24:32.461 +07:00 [INF] HTTP GET /api/admin/products responded 200 in 2.6580 ms
2026-04-19 17:24:34.820 +07:00 [INF] HTTP OPTIONS /api/admin/products/2e9b9089-6fbd-47a0-9624-0e10640813ac responded 204 in 0.0223 ms
2026-04-19 17:24:34.826 +07:00 [INF] HTTP GET /api/admin/products/2e9b9089-6fbd-47a0-9624-0e10640813ac responded 200 in 1.9088 ms
2026-04-19 17:24:39.970 +07:00 [INF] HTTP OPTIONS /api/admin/categories responded 204 in 0.0262 ms
2026-04-19 17:24:39.971 +07:00 [INF] HTTP OPTIONS /api/admin/brands responded 204 in 0.0451 ms
2026-04-19 17:24:39.972 +07:00 [INF] HTTP OPTIONS /api/admin/products responded 204 in 0.0612 ms
2026-04-19 17:24:39.986 +07:00 [INF] HTTP GET /api/admin/categories responded 200 in 3.0191 ms
2026-04-19 17:24:39.990 +07:00 [INF] HTTP GET /api/admin/brands responded 200 in 4.5371 ms
2026-04-19 17:24:39.996 +07:00 [INF] HTTP GET /api/admin/products responded 200 in 9.8449 ms
2026-04-19 17:24:40.015 +07:00 [INF] HTTP OPTIONS /api/auth/me responded 204 in 0.0678 ms
2026-04-19 17:24:40.023 +07:00 [INF] HTTP GET /api/auth/me responded 200 in 2.7092 ms
2026-04-19 17:24:41.578 +07:00 [INF] HTTP OPTIONS /api/admin/products/2e9b9089-6fbd-47a0-9624-0e10640813ac responded 204 in 0.0664 ms
2026-04-19 17:24:41.584 +07:00 [INF] HTTP GET /api/admin/products/2e9b9089-6fbd-47a0-9624-0e10640813ac responded 200 in 2.4149 ms
2026-04-19 17:24:46.659 +07:00 [INF] HTTP OPTIONS /api/admin/products/2e9b9089-6fbd-47a0-9624-0e10640813ac responded 204 in 0.0295 ms
2026-04-19 17:24:46.664 +07:00 [INF] HTTP GET /api/admin/products/2e9b9089-6fbd-47a0-9624-0e10640813ac responded 200 in 2.1741 ms
2026-04-19 17:24:58.073 +07:00 [INF] HTTP OPTIONS /api/auth/me responded 204 in 0.0227 ms
2026-04-19 17:24:58.256 +07:00 [INF] HTTP GET /api/auth/me responded 200 in 167.8874 ms
2026-04-19 20:52:26.772 +07:00 [INF] Now listening on: https://localhost:7251
2026-04-19 20:52:26.814 +07:00 [INF] Now listening on: http://localhost:5255
2026-04-19 20:52:26.876 +07:00 [INF] Application started. Press Ctrl+C to shut down.
2026-04-19 20:52:26.877 +07:00 [INF] Hosting environment: Development
2026-04-19 20:52:26.878 +07:00 [INF] Content root path: D:\souce\ketsat\server\Api
2026-04-19 20:52:40.159 +07:00 [INF] Now listening on: https://localhost:7251
2026-04-19 20:52:40.189 +07:00 [INF] Now listening on: http://localhost:5255
2026-04-19 20:52:40.238 +07:00 [INF] Application started. Press Ctrl+C to shut down.
2026-04-19 20:52:40.239 +07:00 [INF] Hosting environment: Development
2026-04-19 20:52:40.240 +07:00 [INF] Content root path: D:\souce\ketsat\server\Api
2026-04-19 20:52:44.101 +07:00 [INF] HTTP OPTIONS /api/admin/categories responded 204 in 2.9916 ms
2026-04-19 20:52:44.101 +07:00 [INF] HTTP OPTIONS /api/admin/categories responded 204 in 3.0192 ms
2026-04-19 20:52:44.101 +07:00 [INF] HTTP OPTIONS /api/admin/products responded 204 in 3.0067 ms
2026-04-19 20:52:44.101 +07:00 [INF] HTTP OPTIONS /api/admin/brands responded 204 in 3.0105 ms
2026-04-19 20:52:44.101 +07:00 [INF] HTTP OPTIONS /api/admin/products responded 204 in 3.0181 ms
2026-04-19 20:52:44.102 +07:00 [INF] HTTP OPTIONS /api/admin/brands responded 204 in 3.0282 ms
2026-04-19 20:52:45.100 +07:00 [WRN] Entity 'Product' has a global query filter defined and is the required end of a relationship with the entity 'ProductTag'. This may lead to unexpected results when the required entity is filtered out. Either configure the navigation as optional, or define matching query filters for both entities in the navigation. See https://go.microsoft.com/fwlink/?linkid=2131316 for more information.
2026-04-19 20:52:45.102 +07:00 [WRN] Entity 'ProductAttributeValue' has a global query filter defined and is the required end of a relationship with the entity 'ProductVariantAttributeValue'. This may lead to unexpected results when the required entity is filtered out. Either configure the navigation as optional, or define matching query filters for both entities in the navigation. See https://go.microsoft.com/fwlink/?linkid=2131316 for more information.
2026-04-19 20:52:46.022 +07:00 [INF] HTTP GET /api/admin/brands responded 200 in 1903.0664 ms
2026-04-19 20:52:46.022 +07:00 [INF] HTTP GET /api/admin/categories responded 200 in 1903.0667 ms
2026-04-19 20:52:46.031 +07:00 [INF] HTTP GET /api/admin/products responded 200 in 1912.4614 ms
2026-04-19 20:52:46.080 +07:00 [INF] HTTP GET /api/admin/categories responded 200 in 58.9364 ms
2026-04-19 20:52:46.080 +07:00 [INF] HTTP GET /api/admin/brands responded 200 in 58.9364 ms
2026-04-19 20:52:46.082 +07:00 [INF] HTTP GET /api/admin/products responded 200 in 53.9262 ms
2026-04-19 20:52:46.831 +07:00 [INF] HTTP GET /api/admin/brands responded 200 in 11.1128 ms
2026-04-19 20:52:46.832 +07:00 [INF] HTTP GET /api/admin/categories responded 200 in 11.6270 ms
2026-04-19 20:52:46.834 +07:00 [INF] HTTP GET /api/admin/products responded 200 in 13.7630 ms
2026-04-19 20:52:46.840 +07:00 [INF] HTTP GET /api/admin/brands responded 200 in 7.1408 ms
2026-04-19 20:52:46.840 +07:00 [INF] HTTP GET /api/admin/categories responded 200 in 6.4486 ms
2026-04-19 20:52:46.847 +07:00 [INF] HTTP GET /api/admin/products responded 200 in 10.9445 ms
2026-04-19 20:53:04.312 +07:00 [INF] HTTP OPTIONS /api/auth/me responded 204 in 0.1618 ms
2026-04-19 20:53:04.312 +07:00 [INF] HTTP OPTIONS /api/auth/me responded 204 in 0.1628 ms
2026-04-19 20:53:04.404 +07:00 [INF] HTTP GET /api/auth/me responded 200 in 84.2615 ms
2026-04-19 20:53:04.410 +07:00 [INF] HTTP GET /api/auth/me responded 200 in 4.6473 ms
2026-04-19 20:53:27.678 +07:00 [INF] HTTP OPTIONS /api/auth/me responded 204 in 59.1037 ms
2026-04-19 20:53:27.678 +07:00 [INF] HTTP OPTIONS /api/auth/me responded 204 in 0.1820 ms
2026-04-19 20:53:27.793 +07:00 [INF] HTTP GET /api/auth/me responded 200 in 13.7913 ms
2026-04-19 20:53:27.798 +07:00 [INF] HTTP GET /api/auth/me responded 200 in 4.3540 ms
2026-04-19 20:53:38.399 +07:00 [INF] HTTP OPTIONS /api/auth/me responded 204 in 0.1956 ms
2026-04-19 20:53:38.408 +07:00 [INF] HTTP GET /api/auth/me responded 200 in 4.1650 ms
2026-04-19 20:53:43.693 +07:00 [INF] HTTP OPTIONS /api/auth/me responded 204 in 0.0740 ms
2026-04-19 20:53:43.697 +07:00 [INF] HTTP OPTIONS /api/auth/me responded 204 in 0.0701 ms
2026-04-19 20:53:43.829 +07:00 [INF] HTTP GET /api/auth/me responded 200 in 4.9316 ms
2026-04-19 20:53:43.850 +07:00 [INF] HTTP GET /api/auth/me responded 200 in 6.1305 ms
2026-04-19 21:09:07.530 +07:00 [INF] HTTP OPTIONS /api/auth/me responded 204 in 0.0790 ms
2026-04-19 21:09:07.546 +07:00 [INF] HTTP GET /api/auth/me responded 200 in 13.2953 ms
2026-04-19 21:09:07.931 +07:00 [INF] HTTP OPTIONS /api/admin/brands responded 204 in 0.0969 ms
2026-04-19 21:09:07.933 +07:00 [INF] HTTP OPTIONS /api/admin/products responded 204 in 0.0762 ms
2026-04-19 21:09:07.931 +07:00 [INF] HTTP OPTIONS /api/admin/categories responded 204 in 0.3576 ms
2026-04-19 21:09:07.961 +07:00 [INF] HTTP GET /api/admin/brands responded 200 in 19.8015 ms
2026-04-19 21:09:07.977 +07:00 [INF] HTTP GET /api/admin/categories responded 200 in 22.0044 ms
2026-04-19 21:09:07.984 +07:00 [INF] HTTP GET /api/auth/me responded 200 in 28.1317 ms
2026-04-19 21:09:07.990 +07:00 [INF] HTTP GET /api/admin/products responded 200 in 45.6110 ms
2026-04-19 21:09:29.412 +07:00 [INF] HTTP OPTIONS /api/auth/me responded 204 in 0.0914 ms
2026-04-19 21:09:29.421 +07:00 [INF] HTTP GET /api/auth/me responded 200 in 4.7799 ms
2026-04-19 21:09:33.591 +07:00 [INF] HTTP GET /api/auth/me responded 200 in 4.0231 ms
2026-04-19 21:09:44.277 +07:00 [INF] HTTP OPTIONS /api/auth/me responded 204 in 0.2161 ms
2026-04-19 21:09:44.288 +07:00 [INF] HTTP GET /api/auth/me responded 200 in 5.2733 ms
2026-04-19 21:11:32.026 +07:00 [INF] HTTP OPTIONS /api/auth/me responded 204 in 0.0533 ms
2026-04-19 21:11:32.035 +07:00 [INF] HTTP GET /api/auth/me responded 200 in 5.4043 ms
2026-04-19 21:11:54.642 +07:00 [INF] HTTP OPTIONS /api/portal/products responded 204 in 0.0539 ms
2026-04-19 21:11:54.663 +07:00 [INF] HTTP GET /api/portal/products responded 200 in 16.7933 ms
2026-04-19 21:16:25.046 +07:00 [INF] HTTP OPTIONS /api/admin/products responded 204 in 0.2367 ms
2026-04-19 21:16:25.069 +07:00 [INF] HTTP GET /api/admin/products responded 200 in 18.3423 ms
2026-04-19 22:01:57.752 +07:00 [INF] HTTP OPTIONS /api/portal/products responded 204 in 2.2859 ms
2026-04-19 22:01:57.753 +07:00 [INF] HTTP OPTIONS /api/portal/products responded 204 in 0.0524 ms
2026-04-19 22:01:57.782 +07:00 [INF] HTTP OPTIONS /api/auth/me responded 204 in 0.0363 ms
2026-04-19 22:01:57.767 +07:00 [INF] HTTP OPTIONS /api/portal/products responded 204 in 0.0447 ms
2026-04-19 22:01:57.770 +07:00 [INF] HTTP OPTIONS /api/portal/products responded 204 in 0.0450 ms
2026-04-19 22:01:57.782 +07:00 [INF] HTTP OPTIONS /api/auth/me responded 204 in 0.0363 ms
2026-04-19 22:01:57.787 +07:00 [INF] HTTP OPTIONS /api/auth/me responded 204 in 0.0348 ms
2026-04-19 22:01:57.789 +07:00 [INF] HTTP OPTIONS /api/auth/me responded 204 in 0.0330 ms
2026-04-19 22:01:57.817 +07:00 [INF] HTTP GET /api/auth/me responded 200 in 19.3079 ms
2026-04-19 22:01:57.823 +07:00 [INF] HTTP GET /api/auth/me responded 200 in 5.2685 ms
2026-04-19 22:01:57.829 +07:00 [INF] HTTP GET /api/auth/me responded 200 in 4.5700 ms
2026-04-19 22:01:57.829 +07:00 [INF] HTTP GET /api/portal/products responded 200 in 47.3089 ms
2026-04-19 22:01:57.834 +07:00 [INF] HTTP GET /api/auth/me responded 200 in 3.9504 ms
2026-04-19 22:01:57.836 +07:00 [INF] HTTP GET /api/portal/products responded 200 in 5.3610 ms
2026-04-19 22:01:57.840 +07:00 [INF] HTTP GET /api/portal/products responded 200 in 3.7697 ms
2026-04-19 22:01:57.845 +07:00 [INF] HTTP GET /api/portal/products responded 200 in 3.3731 ms
2026-04-19 22:02:03.025 +07:00 [INF] HTTP OPTIONS /api/portal/products responded 204 in 0.0359 ms
2026-04-19 22:02:03.025 +07:00 [INF] HTTP OPTIONS /api/portal/products responded 204 in 0.0613 ms
2026-04-19 22:02:03.039 +07:00 [INF] HTTP GET /api/portal/products responded 200 in 7.6985 ms
2026-04-19 22:02:03.044 +07:00 [INF] HTTP GET /api/portal/products responded 200 in 4.7874 ms
2026-04-19 22:02:04.422 +07:00 [INF] HTTP GET /api/portal/products responded 200 in 8.0061 ms
2026-04-19 22:02:04.438 +07:00 [INF] HTTP GET /api/portal/products responded 200 in 13.4871 ms
2026-04-19 22:02:04.447 +07:00 [INF] HTTP OPTIONS /api/auth/me responded 204 in 0.0915 ms
2026-04-19 22:02:04.449 +07:00 [INF] HTTP OPTIONS /api/auth/me responded 204 in 0.0422 ms
2026-04-19 22:02:04.457 +07:00 [INF] HTTP GET /api/auth/me responded 200 in 2.8841 ms
2026-04-19 22:02:04.461 +07:00 [INF] HTTP GET /api/auth/me responded 200 in 3.7084 ms
2026-04-19 22:02:08.700 +07:00 [INF] HTTP OPTIONS /api/portal/products responded 204 in 0.0418 ms
2026-04-19 22:02:08.760 +07:00 [INF] HTTP OPTIONS /api/portal/products responded 204 in 0.0245 ms
2026-04-19 22:02:08.795 +07:00 [INF] HTTP GET /api/auth/me responded 200 in 27.5013 ms
2026-04-19 22:02:08.817 +07:00 [INF] HTTP GET /api/portal/products responded 200 in 13.1583 ms
2026-04-19 22:02:08.824 +07:00 [INF] HTTP GET /api/auth/me responded 200 in 13.9688 ms
2026-04-19 22:02:08.836 +07:00 [INF] HTTP GET /api/portal/products responded 200 in 15.8605 ms
2026-04-19 22:19:57.349 +07:00 [INF] HTTP OPTIONS /api/portal/products responded 204 in 0.3032 ms
2026-04-19 22:19:57.357 +07:00 [INF] HTTP OPTIONS /api/auth/me responded 204 in 0.0325 ms
2026-04-19 22:19:57.409 +07:00 [INF] HTTP GET /api/auth/me responded 200 in 39.4342 ms
2026-04-19 22:19:57.415 +07:00 [INF] HTTP GET /api/portal/products responded 200 in 52.7308 ms
2026-04-19 22:20:00.719 +07:00 [INF] HTTP GET /api/portal/products responded 200 in 4.3578 ms
2026-04-19 22:20:00.726 +07:00 [INF] HTTP GET /api/auth/me responded 200 in 2.9331 ms
2026-04-19 22:20:05.262 +07:00 [INF] HTTP OPTIONS /api/portal/products responded 204 in 0.0223 ms
2026-04-19 22:20:05.277 +07:00 [INF] HTTP OPTIONS /api/auth/me responded 204 in 0.0240 ms
2026-04-19 22:20:05.451 +07:00 [INF] HTTP GET /api/portal/products responded 200 in 173.4837 ms
2026-04-19 22:20:05.479 +07:00 [INF] HTTP GET /api/auth/me responded 200 in 10.4766 ms
2026-04-19 22:20:20.648 +07:00 [INF] HTTP OPTIONS /api/portal/products responded 204 in 0.0386 ms
2026-04-19 22:20:20.661 +07:00 [INF] HTTP OPTIONS /api/auth/me responded 204 in 0.0464 ms
2026-04-19 22:20:20.670 +07:00 [INF] HTTP GET /api/auth/me responded 200 in 4.0523 ms
2026-04-19 22:20:20.671 +07:00 [INF] HTTP GET /api/portal/products responded 200 in 18.8464 ms
2026-04-19 22:20:21.259 +07:00 [INF] HTTP GET /api/portal/products responded 200 in 5.1429 ms
2026-04-19 22:20:21.267 +07:00 [INF] HTTP GET /api/auth/me responded 200 in 3.8314 ms
2026-04-19 22:20:21.744 +07:00 [INF] HTTP GET /api/portal/products responded 200 in 4.1422 ms
2026-04-19 22:20:21.884 +07:00 [INF] HTTP GET /api/portal/products responded 200 in 4.1545 ms
2026-04-19 22:20:21.895 +07:00 [INF] HTTP GET /api/auth/me responded 200 in 2.8302 ms
2026-04-19 22:20:47.714 +07:00 [INF] HTTP OPTIONS /api/portal/products responded 204 in 0.0284 ms
2026-04-19 22:20:47.728 +07:00 [INF] HTTP OPTIONS /api/auth/me responded 204 in 0.0199 ms
2026-04-19 22:20:47.728 +07:00 [INF] HTTP GET /api/portal/products responded 200 in 5.0853 ms
2026-04-19 22:20:47.738 +07:00 [INF] HTTP GET /api/auth/me responded 200 in 2.5112 ms
2026-04-19 22:20:50.965 +07:00 [INF] HTTP GET /api/portal/products responded 200 in 7.3604 ms
2026-04-19 22:20:50.972 +07:00 [INF] HTTP GET /api/auth/me responded 200 in 3.2569 ms
